16 февр. 2022 14:00:10,998  INFO StartLogger - Server is starting...
16 февр. 2022 14:00:11,898  INFO StartLogger - Logics instance is starting...
16 февр. 2022 14:00:11,938  INFO StartLogger - Initializing BusinessLogics
16 февр. 2022 14:00:11,945  INFO StartLogger - Initializing localizer
16 февр. 2022 14:00:11,946  INFO StartLogger - Creating modules
16 февр. 2022 14:00:11,946  INFO StartLogger - Initializing string literals data
16 февр. 2022 14:00:12,331  INFO StartLogger - Initializing dependencies
16 февр. 2022 14:00:12,464  INFO StartLogger - Initializing modules order
16 февр. 2022 14:00:12,465  INFO StartLogger - Initializing metacodes and classes
16 февр. 2022 14:00:12,808  INFO StartLogger - Initializing object class
16 февр. 2022 14:00:12,811  INFO StartLogger - Initializing tables
16 февр. 2022 14:00:12,847  INFO StartLogger - Initializing class tables
16 февр. 2022 14:00:12,903  INFO StartLogger - Initializing full tables with one key
16 февр. 2022 14:00:12,904  INFO StartLogger - Initializing main logic
16 февр. 2022 14:00:12,914  INFO StartLogger - Initializing main logic for module : #1 of 11 System (actual: 1)
16 февр. 2022 14:00:13,491  INFO StartLogger - Initializing main logic for module : #2 of 11 Time (actual: 3)
16 февр. 2022 14:00:13,491  INFO StartLogger - Initializing main logic for module : #3 of 11 Training (actual: 2)
16 февр. 2022 14:00:13,584  INFO StartLogger - Initializing main logic for module : #4 of 11 Utils (actual: 4)
16 февр. 2022 14:00:13,670  INFO StartLogger - Initializing main logic for module : #5 of 11 Authentication (actual: 5)
16 февр. 2022 14:00:13,930  INFO StartLogger - Initializing main logic for module : #6 of 11 Reflection (actual: 6)
16 февр. 2022 14:00:14,070  INFO StartLogger - Initializing main logic for module : #7 of 11 Email (actual: 8)
16 февр. 2022 14:00:14,070  INFO StartLogger - Initializing main logic for module : #8 of 11 SystemEvents (actual: 7)
16 февр. 2022 14:00:14,167  INFO StartLogger - Initializing main logic for module : #9 of 11 Security (actual: 9)
16 февр. 2022 14:00:14,321  INFO StartLogger - Initializing main logic for module : #10 of 11 Service (actual: 10)
16 февр. 2022 14:00:14,446  INFO StartLogger - Initializing main logic for module : #11 of 11 Scheduler (actual: 11)
16 февр. 2022 14:00:14,502  INFO StartLogger - Finalizing groups
16 февр. 2022 14:00:14,502  INFO StartLogger - Checking for duplicate elements
16 февр. 2022 14:00:14,502  INFO StartLogger - Finalizing classes
16 февр. 2022 14:00:14,513  INFO StartLogger - Filling implicit cases
16 февр. 2022 14:00:14,513  INFO StartLogger - Initializing abstract properties
16 февр. 2022 14:00:14,513  INFO StartLogger - Finalizing abstract actions
16 февр. 2022 14:00:14,555  INFO StartLogger - Checking abstract
16 февр. 2022 14:00:14,556  INFO StartLogger - Initializing class aggr props
16 февр. 2022 14:00:14,556  INFO StartLogger - Initializing fields for data and materialized properties
16 февр. 2022 14:00:14,583  INFO StartLogger - Looking for recursions in abstract actions / properties
16 февр. 2022 14:00:14,601  INFO StartLogger - Finalizing tables
16 февр. 2022 14:00:14,602  INFO StartLogger - Initializing indices
16 февр. 2022 14:00:14,602  INFO StartLogger - Setup drill-down
16 февр. 2022 14:00:14,602  INFO StartLogger - Setup property policy
16 февр. 2022 14:00:14,602  INFO StartLogger - Setup reset files
16 февр. 2022 14:00:14,603  INFO StartLogger - Finalizing navigator elements
16 февр. 2022 14:00:14,650  INFO StartLogger - Initializing reflection events
16 февр. 2022 14:00:14,673  INFO StartLogger - Setup action policy
16 февр. 2022 14:00:14,673  INFO StartLogger - Showing dependencies
16 февр. 2022 14:00:16,597  INFO StartLogger - Reading property links
16 февр. 2022 14:00:16,597  INFO StartLogger - Initializing class data indexes
16 февр. 2022 14:00:16,597  INFO StartLogger - Setup loggables
16 февр. 2022 14:00:16,605  INFO StartLogger - Finalizing properties
16 февр. 2022 14:00:16,989  INFO StartLogger - Building property list
16 февр. 2022 14:00:17,071  INFO StartLogger - Initializing class dialog forms
16 февр. 2022 14:00:17,231  INFO StartLogger - Finalizing forms
16 февр. 2022 14:00:17,337  INFO StartLogger - Initializing actions' debugger
16 февр. 2022 14:00:17,338  INFO StartLogger - Synchronizing DB
16 февр. 2022 14:00:17,443  INFO StartLogger - Checking indices
16 февр. 2022 14:00:17,444  INFO StartLogger - Creating tables
16 февр. 2022 14:00:17,904  INFO StartLogger - Packing tables
16 февр. 2022 14:00:17,904  INFO StartLogger - Adding indices
16 февр. 2022 14:00:17,931  INFO StartLogger - Filling static objects ids
16 февр. 2022 14:00:18,107  INFO StartLogger - Recalculate class stats
16 февр. 2022 14:00:18,721  INFO StartLogger - Updating stats
16 февр. 2022 14:00:18,787  INFO StartLogger - Writing static objects changes
16 февр. 2022 14:00:20,386  INFO StartLogger - Migrating reflection properties and actions
16 февр. 2022 14:00:20,411  INFO StartLogger - Recalculating aggregations
16 февр. 2022 14:00:20,636  INFO StartLogger - Initializing Security Manager.
16 февр. 2022 14:00:20,663  INFO StartLogger - Starting Security Manager.
16 февр. 2022 14:00:21,207  INFO StartLogger - Starting RMI Manager
16 февр. 2022 14:00:21,230  INFO StartLogger - Executing onStarted action
16 февр. 2022 14:00:22,849  INFO StartLogger - Starting Scheduler
16 февр. 2022 14:00:23,021  INFO StartLogger - Exporting RMI Logics object (port: 7652)
16 февр. 2022 14:00:23,064  INFO StartLogger - Prereading caches for properties
16 февр. 2022 14:00:23,065  INFO StartLogger - Prereading properties graph
16 февр. 2022 14:00:23,066  INFO StartLogger - Reading modules hash
16 февр. 2022 14:00:23,066  INFO StartLogger - Prereading caches for properties ended
16 февр. 2022 14:00:23,068  INFO StartLogger - Comparing modulesHash: old null, new c1eaf651
16 февр. 2022 14:00:23,070  INFO StartLogger - Synchronizing property entities
16 февр. 2022 14:00:23,070  INFO StartLogger - Synchronizing forms
16 февр. 2022 14:00:23,070  INFO StartLogger - Synchronizing group properties
16 февр. 2022 14:00:23,071  INFO StartLogger - Synchronizing tables
16 февр. 2022 14:00:23,071  INFO StartLogger - synchronizeTables collecting data started
16 февр. 2022 14:00:23,071  INFO StartLogger - Synchronizing group objects
16 февр. 2022 14:00:23,071  INFO StartLogger - Synchronizing navigator elements
16 февр. 2022 14:00:23,071  INFO StartLogger - Synchronizing property parents
16 февр. 2022 14:00:23,073  INFO StartLogger - Synchronizing parents
16 февр. 2022 14:00:23,073  INFO StartLogger - Synchronizing property draws
16 февр. 2022 14:00:23,073  INFO StartLogger - Prereading security policies
16 февр. 2022 14:00:23,074  INFO StartLogger - synchronizeTables integration service started
16 февр. 2022 14:00:25,098  INFO StartLogger - synchronizeTables finished
16 февр. 2022 14:00:25,099  INFO StartLogger - Recalculating Stats at first start
16 февр. 2022 14:00:25,099  INFO StartLogger - Writing modules hash
16 февр. 2022 14:00:25,099  INFO StartLogger - Writing modulesHash c1eaf651
16 февр. 2022 14:00:25,117  INFO StartLogger - Writing modulesHash finished successfully
16 февр. 2022 14:00:25,124  INFO StartLogger - Obsolete caches were successfully cleaned
16 февр. 2022 14:00:25,124  INFO StartLogger - Logics instance has successfully started
16 февр. 2022 14:00:25,125  INFO StartLogger - Desktop Client is available at:
16 февр. 2022 14:00:25,125  INFO StartLogger - Java Web Start (with auto update, requires JDK): https://download.lsfusion.org/java/lsfusion-client-5.0-SNAPSHOT.jnlp
16 февр. 2022 14:00:25,125  INFO StartLogger - Installer for Windows (without auto update): https://download.lsfusion.org/exe/lsfusion-desktop-5.0-SNAPSHOT-x64.exe
16 февр. 2022 14:00:25,125  INFO StartLogger - Server has successfully started in 14127 ms.
