17 февр. 2022 12:41:43,459  INFO StartLogger - Server is starting...
17 февр. 2022 12:41:44,466  INFO StartLogger - Logics instance is starting...
17 февр. 2022 12:41:44,501  INFO StartLogger - Initializing BusinessLogics
17 февр. 2022 12:41:44,508  INFO StartLogger - Initializing localizer
17 февр. 2022 12:41:44,509  INFO StartLogger - Creating modules
17 февр. 2022 12:41:44,508  INFO StartLogger - Initializing string literals data
17 февр. 2022 12:41:44,859  INFO StartLogger - Initializing dependencies
17 февр. 2022 12:41:44,990  INFO StartLogger - Initializing modules order
17 февр. 2022 12:41:44,992  INFO StartLogger - Initializing metacodes and classes
17 февр. 2022 12:41:45,473  INFO StartLogger - Initializing object class
17 февр. 2022 12:41:45,478  INFO StartLogger - Initializing tables
17 февр. 2022 12:41:45,545  INFO StartLogger - Initializing class tables
17 февр. 2022 12:41:45,653  INFO StartLogger - Initializing full tables with one key
17 февр. 2022 12:41:45,654  INFO StartLogger - Initializing main logic
17 февр. 2022 12:41:45,666  INFO StartLogger - Initializing main logic for module : #1 of 18 System (actual: 1)
17 февр. 2022 12:41:46,335  INFO StartLogger - Initializing main logic for module : #2 of 18 DefaultData (actual: 11)
17 февр. 2022 12:41:46,335  INFO StartLogger - Initializing main logic for module : #4 of 18 Time (actual: 2)
17 февр. 2022 12:41:46,335  INFO StartLogger - Initializing main logic for module : #3 of 18 MasterData (actual: 16)
17 февр. 2022 12:41:46,343  INFO StartLogger - Initializing main logic for module : #5 of 18 Numerator (actual: 17)
17 февр. 2022 12:41:46,424  INFO StartLogger - Initializing main logic for module : #6 of 18 Utils (actual: 3)
17 февр. 2022 12:41:46,490  INFO StartLogger - Initializing main logic for module : #7 of 18 Authentication (actual: 4)
17 февр. 2022 12:41:46,718  INFO StartLogger - Initializing main logic for module : #8 of 18 ProcessMonitor (actual: 14)
17 февр. 2022 12:41:46,718  INFO StartLogger - Initializing main logic for module : #9 of 18 Reflection (actual: 5)
17 февр. 2022 12:41:46,841  INFO StartLogger - Initializing main logic for module : #10 of 18 Email (actual: 7)
17 февр. 2022 12:41:46,841  INFO StartLogger - Initializing main logic for module : #11 of 18 SystemEvents (actual: 6)
17 февр. 2022 12:41:46,931  INFO StartLogger - Initializing main logic for module : #12 of 18 Security (actual: 8)
17 февр. 2022 12:41:47,083  INFO StartLogger - Initializing main logic for module : #13 of 18 Service (actual: 9)
17 февр. 2022 12:41:47,223  INFO StartLogger - Initializing main logic for module : #14 of 18 Scheduler (actual: 10)
17 февр. 2022 12:41:47,223  INFO StartLogger - Initializing main logic for module : #15 of 18 Eval (actual: 15)
17 февр. 2022 12:41:47,283  INFO StartLogger - Initializing main logic for module : #16 of 18 SchedulerDefaultData (actual: 12)
17 февр. 2022 12:41:47,286  INFO StartLogger - Initializing main logic for module : #17 of 18 Backup (actual: 13)
17 февр. 2022 12:41:47,310  INFO StartLogger - Initializing main logic for module : #18 of 18 Training (actual: 18)
17 февр. 2022 12:41:47,320  INFO StartLogger - Checking for duplicate elements
17 февр. 2022 12:41:47,320  INFO StartLogger - Finalizing groups
17 февр. 2022 12:41:47,320  INFO StartLogger - Finalizing classes
17 февр. 2022 12:41:47,334  INFO StartLogger - Filling implicit cases
17 февр. 2022 12:41:47,334  INFO StartLogger - Finalizing abstract actions
17 февр. 2022 12:41:47,334  INFO StartLogger - Initializing abstract properties
17 февр. 2022 12:41:47,371  INFO StartLogger - Initializing class aggr props
17 февр. 2022 12:41:47,371  INFO StartLogger - Initializing fields for data and materialized properties
17 февр. 2022 12:41:47,371  INFO StartLogger - Checking abstract
17 февр. 2022 12:41:47,391  INFO StartLogger - Looking for recursions in abstract actions / properties
17 февр. 2022 12:41:47,397  INFO StartLogger - Finalizing tables
17 февр. 2022 12:41:47,404  INFO StartLogger - Initializing indices
17 февр. 2022 12:41:47,404  INFO StartLogger - Finalizing navigator elements
17 февр. 2022 12:41:47,404  INFO StartLogger - Setup reset files
17 февр. 2022 12:41:47,404  INFO StartLogger - Setup drill-down
17 февр. 2022 12:41:47,404  INFO StartLogger - Setup property policy
17 февр. 2022 12:41:47,413  INFO StartLogger - Initializing reflection events
17 февр. 2022 12:41:47,458  INFO StartLogger - Setup action policy
17 февр. 2022 12:41:47,458  INFO StartLogger - Showing dependencies
17 февр. 2022 12:41:48,630  INFO StartLogger - Setting user logging for properties
17 февр. 2022 12:41:48,643  INFO StartLogger - Setting user not null constraints for properties
17 февр. 2022 12:41:48,646  INFO StartLogger - Setup loggables
17 февр. 2022 12:41:48,646  INFO StartLogger - Initializing class data indexes
17 февр. 2022 12:41:48,646  INFO StartLogger - Reading property links
17 февр. 2022 12:41:48,653  INFO StartLogger - Finalizing properties
17 февр. 2022 12:41:48,838  INFO StartLogger - Building property list
17 февр. 2022 12:41:48,908  INFO StartLogger - Initializing class dialog forms
17 февр. 2022 12:41:49,037  INFO StartLogger - Finalizing forms
17 февр. 2022 12:41:49,158  INFO StartLogger - Initializing actions' debugger
17 февр. 2022 12:41:49,158  INFO StartLogger - Synchronizing DB
17 февр. 2022 12:41:49,205  INFO StartLogger - Checking indices
17 февр. 2022 12:41:49,206  INFO StartLogger - Applying migration script (0.0 -> 0.0)
17 февр. 2022 12:41:49,235  INFO StartLogger - Creating tables
17 февр. 2022 12:41:49,243  INFO StartLogger - Packing tables
17 февр. 2022 12:41:49,243  INFO StartLogger - Adding indices
17 февр. 2022 12:41:49,243  INFO StartLogger - Filling static objects ids
17 февр. 2022 12:41:49,362  INFO StartLogger - Updating stats
17 февр. 2022 12:41:49,382  INFO StartLogger - Writing static objects changes
17 февр. 2022 12:41:49,581  INFO StartLogger - Migrating reflection properties and actions
17 февр. 2022 12:41:49,612  INFO StartLogger - Recalculating aggregations
17 февр. 2022 12:41:49,765  INFO StartLogger - Initializing Security Manager.
17 февр. 2022 12:41:49,807  INFO StartLogger - Starting Security Manager.
17 февр. 2022 12:41:49,878  INFO StartLogger - Starting RMI Manager
17 февр. 2022 12:41:49,911  INFO StartLogger - Executing onStarted action
17 февр. 2022 12:41:50,052  INFO SystemLogger - Setting hostname: null
17 февр. 2022 12:41:50,354  INFO StartLogger - Starting Scheduler
17 февр. 2022 12:41:50,440  INFO SystemLogger - Change current time snapshots to 2022-02-17T12:41:50.438553600, 2022-02-17T07:41:50.439550900Z
17 февр. 2022 12:41:50,447  INFO SystemLogger - ChangeCurrentDate started: from 2022-02-16 to 2022-02-17
17 февр. 2022 12:41:50,600  INFO StartLogger - Exporting RMI Logics object (port: 7652)
17 февр. 2022 12:41:50,614  INFO SystemLogger - Binding ExternalHttpServer
17 февр. 2022 12:41:50,645  INFO StartLogger - Prereading properties graph
17 февр. 2022 12:41:50,645  INFO StartLogger - Prereading caches for properties
17 февр. 2022 12:41:50,645  INFO StartLogger - Reading modules hash
17 февр. 2022 12:41:50,646  INFO StartLogger - Prereading caches for properties ended
17 февр. 2022 12:41:50,648  INFO SystemLogger - ChangeCurrentDate finished
17 февр. 2022 12:41:50,648  INFO StartLogger - Comparing modulesHash: old 4123e8fe, new a3e1ddfd
17 февр. 2022 12:41:50,650  INFO StartLogger - Synchronizing group properties
17 февр. 2022 12:41:50,650  INFO StartLogger - Synchronizing forms
17 февр. 2022 12:41:50,650  INFO StartLogger - Synchronizing property entities
17 февр. 2022 12:41:50,651  INFO StartLogger - Synchronizing group objects
17 февр. 2022 12:41:50,651  INFO StartLogger - Synchronizing navigator elements
17 февр. 2022 12:41:50,651  INFO StartLogger - Synchronizing property parents
17 февр. 2022 12:41:50,651  INFO StartLogger - Synchronizing tables
17 февр. 2022 12:41:50,652  INFO StartLogger - Synchronizing parents
17 февр. 2022 12:41:50,652  INFO StartLogger - synchronizeTables collecting data started
17 февр. 2022 12:41:50,652  INFO StartLogger - Prereading security policies
17 февр. 2022 12:41:50,652  INFO StartLogger - Synchronizing property draws
17 февр. 2022 12:41:50,654  INFO StartLogger - synchronizeTables integration service started
17 февр. 2022 12:41:53,928  INFO StartLogger - synchronizeTables finished
17 февр. 2022 12:41:53,928  INFO StartLogger - Recalculating Stats at first start
17 февр. 2022 12:41:53,928  INFO StartLogger - Writing modules hash
17 февр. 2022 12:41:53,928  INFO StartLogger - Writing modulesHash a3e1ddfd
17 февр. 2022 12:41:53,960  INFO StartLogger - Writing modulesHash finished successfully
17 февр. 2022 12:41:53,965  INFO StartLogger - Obsolete caches were successfully cleaned
17 февр. 2022 12:41:53,965  INFO StartLogger - Logics instance has successfully started
17 февр. 2022 12:41:53,966  INFO StartLogger - Desktop Client is available at:
17 февр. 2022 12:41:53,966  INFO StartLogger - Java Web Start (with auto update, requires JDK): https://download.lsfusion.org/java/lsfusion-client-5.0-SNAPSHOT.jnlp
17 февр. 2022 12:41:53,966  INFO StartLogger - Installer for Windows (without auto update): https://download.lsfusion.org/exe/lsfusion-desktop-5.0-SNAPSHOT-x64.exe
17 февр. 2022 12:41:53,967  INFO StartLogger - Server has successfully started in 10509 ms.
17 февр. 2022 12:51:27,987  INFO StartLogger - Server is starting...
17 февр. 2022 12:51:28,966  INFO StartLogger - Logics instance is starting...
17 февр. 2022 12:51:28,999  INFO StartLogger - Initializing BusinessLogics
17 февр. 2022 12:51:29,004  INFO StartLogger - Initializing localizer
17 февр. 2022 12:51:29,004  INFO StartLogger - Initializing string literals data
17 февр. 2022 12:51:29,004  INFO StartLogger - Creating modules
17 февр. 2022 12:51:29,421  INFO StartLogger - Initializing dependencies
17 февр. 2022 12:51:29,538  INFO StartLogger - Initializing modules order
17 февр. 2022 12:51:29,539  INFO StartLogger - Initializing metacodes and classes
17 февр. 2022 12:51:29,978  INFO StartLogger - Initializing object class
17 февр. 2022 12:51:29,982  INFO StartLogger - Initializing tables
17 февр. 2022 12:51:30,035  INFO StartLogger - Initializing class tables
17 февр. 2022 12:51:30,132  INFO StartLogger - Initializing full tables with one key
17 февр. 2022 12:51:30,133  INFO StartLogger - Initializing main logic
17 февр. 2022 12:51:30,149  INFO StartLogger - Initializing main logic for module : #1 of 18 System (actual: 1)
17 февр. 2022 12:51:30,879  INFO StartLogger - Initializing main logic for module : #2 of 18 MasterData (actual: 16)
17 февр. 2022 12:51:30,880  INFO StartLogger - Initializing main logic for module : #4 of 18 Time (actual: 2)
17 февр. 2022 12:51:30,880  INFO StartLogger - Initializing main logic for module : #3 of 18 DefaultData (actual: 11)
17 февр. 2022 12:51:30,887  INFO StartLogger - Initializing main logic for module : #5 of 18 Numerator (actual: 17)
17 февр. 2022 12:51:30,972  INFO StartLogger - Initializing main logic for module : #6 of 18 Utils (actual: 3)
17 февр. 2022 12:51:31,048  INFO StartLogger - Initializing main logic for module : #7 of 18 Authentication (actual: 4)
17 февр. 2022 12:51:31,278  INFO StartLogger - Initializing main logic for module : #8 of 18 Reflection (actual: 5)
17 февр. 2022 12:51:31,278  INFO StartLogger - Initializing main logic for module : #9 of 18 ProcessMonitor (actual: 14)
17 февр. 2022 12:51:31,412  INFO StartLogger - Initializing main logic for module : #10 of 18 SystemEvents (actual: 6)
17 февр. 2022 12:51:31,412  INFO StartLogger - Initializing main logic for module : #11 of 18 Email (actual: 7)
17 февр. 2022 12:51:31,501  INFO StartLogger - Initializing main logic for module : #12 of 18 Security (actual: 8)
17 февр. 2022 12:51:31,701  INFO StartLogger - Initializing main logic for module : #13 of 18 Service (actual: 9)
17 февр. 2022 12:51:31,842  INFO StartLogger - Initializing main logic for module : #14 of 18 Eval (actual: 15)
17 февр. 2022 12:51:31,842  INFO StartLogger - Initializing main logic for module : #15 of 18 Scheduler (actual: 10)
17 февр. 2022 12:51:31,901  INFO StartLogger - Initializing main logic for module : #16 of 18 SchedulerDefaultData (actual: 12)
17 февр. 2022 12:51:31,905  INFO StartLogger - Initializing main logic for module : #17 of 18 Backup (actual: 13)
17 февр. 2022 12:51:31,928  INFO StartLogger - Initializing main logic for module : #18 of 18 Training (actual: 18)
17 февр. 2022 12:51:31,945  INFO StartLogger - Finalizing groups
17 февр. 2022 12:51:31,945  INFO StartLogger - Finalizing classes
17 февр. 2022 12:51:31,945  INFO StartLogger - Checking for duplicate elements
17 февр. 2022 12:51:31,957  INFO StartLogger - Filling implicit cases
17 февр. 2022 12:51:31,957  INFO StartLogger - Initializing abstract properties
17 февр. 2022 12:51:31,958  INFO StartLogger - Finalizing abstract actions
17 февр. 2022 12:51:31,998  INFO StartLogger - Checking abstract
17 февр. 2022 12:51:31,998  INFO StartLogger - Initializing fields for data and materialized properties
17 февр. 2022 12:51:31,998  INFO StartLogger - Initializing class aggr props
17 февр. 2022 12:51:32,007  INFO StartLogger - Looking for recursions in abstract actions / properties
17 февр. 2022 12:51:32,027  INFO StartLogger - Setup drill-down
17 февр. 2022 12:51:32,028  INFO StartLogger - Setup property policy
17 февр. 2022 12:51:32,028  INFO StartLogger - Setup reset files
17 февр. 2022 12:51:32,028  INFO StartLogger - Finalizing navigator elements
17 февр. 2022 12:51:32,028  INFO StartLogger - Finalizing tables
17 февр. 2022 12:51:32,028  INFO StartLogger - Initializing indices
17 февр. 2022 12:51:32,037  INFO StartLogger - Initializing reflection events
17 февр. 2022 12:51:32,075  INFO StartLogger - Setup action policy
17 февр. 2022 12:51:32,075  INFO StartLogger - Showing dependencies
17 февр. 2022 12:51:33,173  INFO StartLogger - Setting user logging for properties
17 февр. 2022 12:51:33,188  INFO StartLogger - Setting user not null constraints for properties
17 февр. 2022 12:51:33,191  INFO StartLogger - Reading property links
17 февр. 2022 12:51:33,191  INFO StartLogger - Setup loggables
17 февр. 2022 12:51:33,191  INFO StartLogger - Initializing class data indexes
17 февр. 2022 12:51:33,202  INFO StartLogger - Finalizing properties
17 февр. 2022 12:51:33,401  INFO StartLogger - Building property list
17 февр. 2022 12:51:33,464  INFO StartLogger - Initializing class dialog forms
17 февр. 2022 12:51:33,592  INFO StartLogger - Finalizing forms
17 февр. 2022 12:51:33,704  INFO StartLogger - Initializing actions' debugger
17 февр. 2022 12:51:33,704  INFO StartLogger - Synchronizing DB
17 февр. 2022 12:51:33,751  INFO StartLogger - Checking indices
17 февр. 2022 12:51:33,751  INFO StartLogger - Applying migration script (0.0 -> 0.0)
17 февр. 2022 12:51:33,777  INFO StartLogger - Creating tables
17 февр. 2022 12:51:33,802  INFO StartLogger - Packing tables
17 февр. 2022 12:51:33,802  INFO StartLogger - Adding indices
17 февр. 2022 12:51:33,802  INFO StartLogger - Filling static objects ids
17 февр. 2022 12:51:34,013  INFO StartLogger - Updating stats
17 февр. 2022 12:51:34,031  INFO StartLogger - Writing static objects changes
17 февр. 2022 12:51:34,043  INFO StartLogger - adding static object with id 1853, sid Training_Triangle and name Triangle
17 февр. 2022 12:51:34,148  INFO StartLogger - Migrating reflection properties and actions
17 февр. 2022 12:51:34,175  INFO StartLogger - Recalculating aggregations
17 февр. 2022 12:51:34,177  INFO StartLogger - Update Aggregation Stats started: _auto_Training_Triangle
17 февр. 2022 12:51:35,033  INFO StartLogger - Update Aggregation Stats: _auto_Training_Triangle, 857ms
17 февр. 2022 12:51:35,173  INFO StartLogger - Initializing Security Manager.
17 февр. 2022 12:51:35,217  INFO StartLogger - Starting Security Manager.
17 февр. 2022 12:51:35,280  INFO StartLogger - Starting RMI Manager
17 февр. 2022 12:51:35,316  INFO StartLogger - Executing onStarted action
17 февр. 2022 12:51:35,443  INFO SystemLogger - Setting hostname: null
17 февр. 2022 12:51:35,730  INFO StartLogger - Starting Scheduler
17 февр. 2022 12:51:35,793  INFO SystemLogger - Change current time snapshots to 2022-02-17T12:51:35.792394600, 2022-02-17T07:51:35.793391700Z
17 февр. 2022 12:51:35,944  INFO StartLogger - Exporting RMI Logics object (port: 7652)
17 февр. 2022 12:51:35,951  INFO SystemLogger - Binding ExternalHttpServer
17 февр. 2022 12:51:35,970  INFO StartLogger - Prereading properties graph
17 февр. 2022 12:51:35,971  INFO StartLogger - Prereading caches for properties
17 февр. 2022 12:51:35,971  INFO StartLogger - Reading modules hash
17 февр. 2022 12:51:35,971  INFO StartLogger - Prereading caches for properties ended
17 февр. 2022 12:51:35,974  INFO StartLogger - Comparing modulesHash: old a3e1ddfd, new b36f674e
17 февр. 2022 12:51:35,974  INFO StartLogger - Synchronizing property entities
17 февр. 2022 12:51:35,974  INFO StartLogger - Synchronizing forms
17 февр. 2022 12:51:35,974  INFO StartLogger - Synchronizing group properties
17 февр. 2022 12:51:35,975  INFO StartLogger - Synchronizing tables
17 февр. 2022 12:51:35,975  INFO StartLogger - Synchronizing property parents
17 февр. 2022 12:51:35,975  INFO StartLogger - synchronizeTables collecting data started
17 февр. 2022 12:51:35,975  INFO StartLogger - Synchronizing navigator elements
17 февр. 2022 12:51:35,975  INFO StartLogger - Synchronizing group objects
17 февр. 2022 12:51:35,976  INFO StartLogger - Synchronizing property draws
17 февр. 2022 12:51:35,976  INFO StartLogger - Synchronizing parents
17 февр. 2022 12:51:35,976  INFO StartLogger - Prereading security policies
17 февр. 2022 12:51:35,977  INFO StartLogger - synchronizeTables integration service started
17 февр. 2022 12:51:38,730  INFO StartLogger - synchronizeTables finished
17 февр. 2022 12:51:38,730  INFO StartLogger - Recalculating Stats at first start
17 февр. 2022 12:51:38,730  INFO StartLogger - Writing modules hash
17 февр. 2022 12:51:38,730  INFO StartLogger - Writing modulesHash b36f674e
17 февр. 2022 12:51:38,750  INFO StartLogger - Writing modulesHash finished successfully
17 февр. 2022 12:51:38,755  INFO StartLogger - Obsolete caches were successfully cleaned
17 февр. 2022 12:51:38,756  INFO StartLogger - Logics instance has successfully started
17 февр. 2022 12:51:38,756  INFO StartLogger - Desktop Client is available at:
17 февр. 2022 12:51:38,756  INFO StartLogger - Java Web Start (with auto update, requires JDK): https://download.lsfusion.org/java/lsfusion-client-5.0-SNAPSHOT.jnlp
17 февр. 2022 12:51:38,756  INFO StartLogger - Installer for Windows (without auto update): https://download.lsfusion.org/exe/lsfusion-desktop-5.0-SNAPSHOT-x64.exe
17 февр. 2022 12:51:38,757  INFO StartLogger - Server has successfully started in 10770 ms.
17 февр. 2022 12:54:21,233  INFO StartLogger - Server is starting...
17 февр. 2022 12:54:22,342  INFO StartLogger - Logics instance is starting...
17 февр. 2022 12:54:22,375  INFO StartLogger - Initializing BusinessLogics
17 февр. 2022 12:54:22,381  INFO StartLogger - Initializing localizer
17 февр. 2022 12:54:22,382  INFO StartLogger - Creating modules
17 февр. 2022 12:54:22,382  INFO StartLogger - Initializing string literals data
17 февр. 2022 12:54:22,703  INFO StartLogger - Initializing dependencies
17 февр. 2022 12:54:22,832  INFO StartLogger - Initializing modules order
17 февр. 2022 12:54:22,833  INFO StartLogger - Initializing metacodes and classes
17 февр. 2022 12:54:23,267  INFO StartLogger - Initializing object class
17 февр. 2022 12:54:23,270  INFO StartLogger - Initializing tables
17 февр. 2022 12:54:23,322  INFO StartLogger - Initializing class tables
17 февр. 2022 12:54:23,397  INFO StartLogger - Initializing full tables with one key
17 февр. 2022 12:54:23,398  INFO StartLogger - Initializing main logic
17 февр. 2022 12:54:23,409  INFO StartLogger - Initializing main logic for module : #1 of 18 System (actual: 1)
17 февр. 2022 12:54:24,138  INFO StartLogger - Initializing main logic for module : #2 of 18 Time (actual: 2)
17 февр. 2022 12:54:24,138  INFO StartLogger - Initializing main logic for module : #3 of 18 MasterData (actual: 16)
17 февр. 2022 12:54:24,138  INFO StartLogger - Initializing main logic for module : #4 of 18 DefaultData (actual: 11)
17 февр. 2022 12:54:24,147  INFO StartLogger - Initializing main logic for module : #5 of 18 Numerator (actual: 17)
17 февр. 2022 12:54:24,249  INFO StartLogger - Initializing main logic for module : #6 of 18 Utils (actual: 3)
17 февр. 2022 12:54:24,330  INFO StartLogger - Initializing main logic for module : #7 of 18 Authentication (actual: 4)
17 февр. 2022 12:54:24,560  INFO StartLogger - Initializing main logic for module : #8 of 18 ProcessMonitor (actual: 14)
17 февр. 2022 12:54:24,560  INFO StartLogger - Initializing main logic for module : #9 of 18 Reflection (actual: 5)
17 февр. 2022 12:54:24,693  INFO StartLogger - Initializing main logic for module : #10 of 18 Email (actual: 7)
17 февр. 2022 12:54:24,693  INFO StartLogger - Initializing main logic for module : #11 of 18 SystemEvents (actual: 6)
17 февр. 2022 12:54:24,781  INFO StartLogger - Initializing main logic for module : #12 of 18 Security (actual: 8)
17 февр. 2022 12:54:24,952  INFO StartLogger - Initializing main logic for module : #13 of 18 Service (actual: 9)
17 февр. 2022 12:54:25,100  INFO StartLogger - Initializing main logic for module : #14 of 18 Scheduler (actual: 10)
17 февр. 2022 12:54:25,100  INFO StartLogger - Initializing main logic for module : #15 of 18 Eval (actual: 15)
17 февр. 2022 12:54:25,175  INFO StartLogger - Initializing main logic for module : #16 of 18 SchedulerDefaultData (actual: 12)
17 февр. 2022 12:54:25,180  INFO StartLogger - Initializing main logic for module : #17 of 18 Backup (actual: 13)
17 февр. 2022 12:54:25,205  INFO StartLogger - Initializing main logic for module : #18 of 18 Training (actual: 18)
17 февр. 2022 12:54:25,225  INFO StartLogger - Finalizing groups
17 февр. 2022 12:54:25,225  INFO StartLogger - Finalizing classes
17 февр. 2022 12:54:25,225  INFO StartLogger - Checking for duplicate elements
17 февр. 2022 12:54:25,239  INFO StartLogger - Filling implicit cases
17 февр. 2022 12:54:25,239  INFO StartLogger - Initializing abstract properties
17 февр. 2022 12:54:25,239  INFO StartLogger - Finalizing abstract actions
17 февр. 2022 12:54:25,301  INFO StartLogger - Checking abstract
17 февр. 2022 12:54:25,301  INFO StartLogger - Initializing fields for data and materialized properties
17 февр. 2022 12:54:25,301  INFO StartLogger - Initializing class aggr props
17 февр. 2022 12:54:25,311  INFO StartLogger - Looking for recursions in abstract actions / properties
17 февр. 2022 12:54:25,336  INFO StartLogger - Finalizing tables
17 февр. 2022 12:54:25,336  INFO StartLogger - Setup drill-down
17 февр. 2022 12:54:25,336  INFO StartLogger - Finalizing navigator elements
17 февр. 2022 12:54:25,336  INFO StartLogger - Initializing indices
17 февр. 2022 12:54:25,336  INFO StartLogger - Setup reset files
17 февр. 2022 12:54:25,336  INFO StartLogger - Setup property policy
17 февр. 2022 12:54:25,344  INFO StartLogger - Initializing reflection events
17 февр. 2022 12:54:25,397  INFO StartLogger - Setup action policy
17 февр. 2022 12:54:25,397  INFO StartLogger - Showing dependencies
17 февр. 2022 12:54:26,490  INFO StartLogger - Setting user logging for properties
17 февр. 2022 12:54:26,504  INFO StartLogger - Setting user not null constraints for properties
17 февр. 2022 12:54:26,506  INFO StartLogger - Reading property links
17 февр. 2022 12:54:26,506  INFO StartLogger - Initializing class data indexes
17 февр. 2022 12:54:26,507  INFO StartLogger - Setup loggables
17 февр. 2022 12:54:26,516  INFO StartLogger - Finalizing properties
17 февр. 2022 12:54:26,738  INFO StartLogger - Building property list
17 февр. 2022 12:54:26,820  INFO StartLogger - Initializing class dialog forms
17 февр. 2022 12:54:26,951  INFO StartLogger - Finalizing forms
17 февр. 2022 12:54:27,091  INFO StartLogger - Initializing actions' debugger
17 февр. 2022 12:54:27,092  INFO StartLogger - Synchronizing DB
17 февр. 2022 12:54:27,138  INFO StartLogger - Checking indices
17 февр. 2022 12:54:27,138  INFO StartLogger - Applying migration script (0.0 -> 0.0)
17 февр. 2022 12:54:27,161  INFO StartLogger - Creating tables
17 февр. 2022 12:54:27,168  INFO StartLogger - Packing tables
17 февр. 2022 12:54:27,169  INFO StartLogger - Adding indices
17 февр. 2022 12:54:27,169  INFO StartLogger - Filling static objects ids
17 февр. 2022 12:54:27,288  INFO StartLogger - Updating stats
17 февр. 2022 12:54:27,304  INFO StartLogger - Writing static objects changes
17 февр. 2022 12:54:27,503  INFO StartLogger - Migrating reflection properties and actions
17 февр. 2022 12:54:27,532  INFO StartLogger - Recalculating aggregations
17 февр. 2022 12:54:27,672  INFO StartLogger - Initializing Security Manager.
17 февр. 2022 12:54:27,707  INFO StartLogger - Starting Security Manager.
17 февр. 2022 12:54:27,768  INFO StartLogger - Starting RMI Manager
17 февр. 2022 12:54:27,795  INFO StartLogger - Executing onStarted action
17 февр. 2022 12:54:27,947  INFO SystemLogger - Setting hostname: null
17 февр. 2022 12:54:28,206  INFO StartLogger - Starting Scheduler
17 февр. 2022 12:54:28,269  INFO SystemLogger - Change current time snapshots to 2022-02-17T12:54:28.268852100, 2022-02-17T07:54:28.269849200Z
17 февр. 2022 12:54:28,422  INFO StartLogger - Exporting RMI Logics object (port: 7652)
17 февр. 2022 12:54:28,430  INFO SystemLogger - Binding ExternalHttpServer
17 февр. 2022 12:54:28,449  INFO StartLogger - Prereading caches for properties
17 февр. 2022 12:54:28,449  INFO StartLogger - Reading modules hash
17 февр. 2022 12:54:28,449  INFO StartLogger - Prereading properties graph
17 февр. 2022 12:54:28,450  INFO StartLogger - Prereading caches for properties ended
17 февр. 2022 12:54:28,453  INFO StartLogger - Comparing modulesHash: old b36f674e, new 32741c47
17 февр. 2022 12:54:28,454  INFO StartLogger - Synchronizing property entities
17 февр. 2022 12:54:28,455  INFO StartLogger - Synchronizing group properties
17 февр. 2022 12:54:28,454  INFO StartLogger - Synchronizing forms
17 февр. 2022 12:54:28,455  INFO StartLogger - Synchronizing tables
17 февр. 2022 12:54:28,455  INFO StartLogger - Synchronizing property parents
17 февр. 2022 12:54:28,456  INFO StartLogger - synchronizeTables collecting data started
17 февр. 2022 12:54:28,456  INFO StartLogger - Synchronizing navigator elements
17 февр. 2022 12:54:28,456  INFO StartLogger - Synchronizing group objects
17 февр. 2022 12:54:28,456  INFO StartLogger - Synchronizing property draws
17 февр. 2022 12:54:28,456  INFO StartLogger - Synchronizing parents
17 февр. 2022 12:54:28,456  INFO StartLogger - Prereading security policies
17 февр. 2022 12:54:28,457  INFO StartLogger - synchronizeTables integration service started
17 февр. 2022 12:54:31,249  INFO StartLogger - synchronizeTables finished
17 февр. 2022 12:54:31,249  INFO StartLogger - Recalculating Stats at first start
17 февр. 2022 12:54:31,249  INFO StartLogger - Writing modules hash
17 февр. 2022 12:54:31,249  INFO StartLogger - Writing modulesHash 32741c47
17 февр. 2022 12:54:31,282  INFO StartLogger - Writing modulesHash finished successfully
17 февр. 2022 12:54:31,288  INFO StartLogger - Obsolete caches were successfully cleaned
17 февр. 2022 12:54:31,288  INFO StartLogger - Logics instance has successfully started
17 февр. 2022 12:54:31,289  INFO StartLogger - Desktop Client is available at:
17 февр. 2022 12:54:31,289  INFO StartLogger - Java Web Start (with auto update, requires JDK): https://download.lsfusion.org/java/lsfusion-client-5.0-SNAPSHOT.jnlp
17 февр. 2022 12:54:31,289  INFO StartLogger - Installer for Windows (without auto update): https://download.lsfusion.org/exe/lsfusion-desktop-5.0-SNAPSHOT-x64.exe
17 февр. 2022 12:54:31,289  INFO StartLogger - Server has successfully started in 10056 ms.
17 февр. 2022 12:55:00,239  INFO StartLogger - Server is starting...
17 февр. 2022 12:55:01,309  INFO StartLogger - Logics instance is starting...
17 февр. 2022 12:55:01,347  INFO StartLogger - Initializing BusinessLogics
17 февр. 2022 12:55:01,353  INFO StartLogger - Initializing localizer
17 февр. 2022 12:55:01,353  INFO StartLogger - Creating modules
17 февр. 2022 12:55:01,353  INFO StartLogger - Initializing string literals data
17 февр. 2022 12:55:01,654  INFO StartLogger - Initializing dependencies
17 февр. 2022 12:55:01,770  INFO StartLogger - Initializing modules order
17 февр. 2022 12:55:01,771  INFO StartLogger - Initializing metacodes and classes
17 февр. 2022 12:55:02,131  INFO StartLogger - Initializing object class
17 февр. 2022 12:55:02,135  INFO StartLogger - Initializing tables
17 февр. 2022 12:55:02,177  INFO StartLogger - Initializing class tables
17 февр. 2022 12:55:02,242  INFO StartLogger - Initializing full tables with one key
17 февр. 2022 12:55:02,242  INFO StartLogger - Initializing main logic
17 февр. 2022 12:55:02,251  INFO StartLogger - Initializing main logic for module : #1 of 18 System (actual: 1)
17 февр. 2022 12:55:02,840  INFO StartLogger - Initializing main logic for module : #2 of 18 MasterData (actual: 16)
17 февр. 2022 12:55:02,840  INFO StartLogger - Initializing main logic for module : #3 of 18 Time (actual: 2)
17 февр. 2022 12:55:02,840  INFO StartLogger - Initializing main logic for module : #4 of 18 DefaultData (actual: 11)
17 февр. 2022 12:55:02,851  INFO StartLogger - Initializing main logic for module : #5 of 18 Numerator (actual: 17)
17 февр. 2022 12:55:02,936  INFO StartLogger - Initializing main logic for module : #6 of 18 Utils (actual: 3)
17 февр. 2022 12:55:03,014  INFO StartLogger - Initializing main logic for module : #7 of 18 Authentication (actual: 4)
17 февр. 2022 12:55:03,237  INFO StartLogger - Initializing main logic for module : #8 of 18 ProcessMonitor (actual: 14)
17 февр. 2022 12:55:03,237  INFO StartLogger - Initializing main logic for module : #9 of 18 Reflection (actual: 5)
17 февр. 2022 12:55:03,359  INFO StartLogger - Initializing main logic for module : #10 of 18 SystemEvents (actual: 6)
17 февр. 2022 12:55:03,359  INFO StartLogger - Initializing main logic for module : #11 of 18 Email (actual: 7)
17 февр. 2022 12:55:03,450  INFO StartLogger - Initializing main logic for module : #12 of 18 Security (actual: 8)
17 февр. 2022 12:55:03,589  INFO StartLogger - Initializing main logic for module : #13 of 18 Service (actual: 9)
17 февр. 2022 12:55:03,709  INFO StartLogger - Initializing main logic for module : #14 of 18 Scheduler (actual: 10)
17 февр. 2022 12:55:03,709  INFO StartLogger - Initializing main logic for module : #15 of 18 Eval (actual: 15)
17 февр. 2022 12:55:03,769  INFO StartLogger - Initializing main logic for module : #16 of 18 SchedulerDefaultData (actual: 12)
17 февр. 2022 12:55:03,772  INFO StartLogger - Initializing main logic for module : #17 of 18 Backup (actual: 13)
17 февр. 2022 12:55:03,797  INFO StartLogger - Initializing main logic for module : #18 of 18 Training (actual: 18)
17 февр. 2022 12:55:03,812  INFO StartLogger - Finalizing groups
17 февр. 2022 12:55:03,813  INFO StartLogger - Finalizing classes
17 февр. 2022 12:55:03,813  INFO StartLogger - Checking for duplicate elements
17 февр. 2022 12:55:03,827  INFO StartLogger - Filling implicit cases
17 февр. 2022 12:55:03,828  INFO StartLogger - Initializing abstract properties
17 февр. 2022 12:55:03,828  INFO StartLogger - Finalizing abstract actions
17 февр. 2022 12:55:03,870  INFO StartLogger - Checking abstract
17 февр. 2022 12:55:03,870  INFO StartLogger - Initializing class aggr props
17 февр. 2022 12:55:03,870  INFO StartLogger - Initializing fields for data and materialized properties
17 февр. 2022 12:55:03,882  INFO StartLogger - Looking for recursions in abstract actions / properties
17 февр. 2022 12:55:03,901  INFO StartLogger - Setup drill-down
17 февр. 2022 12:55:03,901  INFO StartLogger - Setup reset files
17 февр. 2022 12:55:03,901  INFO StartLogger - Finalizing navigator elements
17 февр. 2022 12:55:03,901  INFO StartLogger - Setup property policy
17 февр. 2022 12:55:03,903  INFO StartLogger - Finalizing tables
17 февр. 2022 12:55:03,903  INFO StartLogger - Initializing indices
17 февр. 2022 12:55:03,909  INFO StartLogger - Initializing reflection events
17 февр. 2022 12:55:03,954  INFO StartLogger - Setup action policy
17 февр. 2022 12:55:03,954  INFO StartLogger - Showing dependencies
17 февр. 2022 12:55:05,105  INFO StartLogger - Setting user logging for properties
17 февр. 2022 12:55:05,120  INFO StartLogger - Setting user not null constraints for properties
17 февр. 2022 12:55:05,123  INFO StartLogger - Reading property links
17 февр. 2022 12:55:05,123  INFO StartLogger - Setup loggables
17 февр. 2022 12:55:05,123  INFO StartLogger - Initializing class data indexes
17 февр. 2022 12:55:05,133  INFO StartLogger - Finalizing properties
17 февр. 2022 12:55:05,333  INFO StartLogger - Building property list
17 февр. 2022 12:55:05,398  INFO StartLogger - Initializing class dialog forms
17 февр. 2022 12:55:05,530  INFO StartLogger - Finalizing forms
17 февр. 2022 12:55:05,664  INFO StartLogger - Initializing actions' debugger
17 февр. 2022 12:55:05,665  INFO StartLogger - Synchronizing DB
17 февр. 2022 12:55:05,721  INFO StartLogger - Checking indices
17 февр. 2022 12:55:05,722  INFO StartLogger - Applying migration script (0.0 -> 0.0)
17 февр. 2022 12:55:05,748  INFO StartLogger - Creating tables
17 февр. 2022 12:55:05,757  INFO StartLogger - Packing tables
17 февр. 2022 12:55:05,757  INFO StartLogger - Adding indices
17 февр. 2022 12:55:05,757  INFO StartLogger - Filling static objects ids
17 февр. 2022 12:55:05,892  INFO StartLogger - Updating stats
17 февр. 2022 12:55:05,913  INFO StartLogger - Writing static objects changes
17 февр. 2022 12:55:06,161  INFO StartLogger - Migrating reflection properties and actions
17 февр. 2022 12:55:06,196  INFO StartLogger - Recalculating aggregations
17 февр. 2022 12:55:06,380  INFO StartLogger - Initializing Security Manager.
17 февр. 2022 12:55:06,417  INFO StartLogger - Starting Security Manager.
17 февр. 2022 12:55:06,473  INFO StartLogger - Starting RMI Manager
17 февр. 2022 12:55:06,501  INFO StartLogger - Executing onStarted action
17 февр. 2022 12:55:06,649  INFO SystemLogger - Setting hostname: null
17 февр. 2022 12:55:06,891  INFO StartLogger - Starting Scheduler
17 февр. 2022 12:55:06,967  INFO SystemLogger - Change current time snapshots to 2022-02-17T12:55:06.966533400, 2022-02-17T07:55:06.966533400Z
17 февр. 2022 12:55:07,143  INFO StartLogger - Exporting RMI Logics object (port: 7652)
17 февр. 2022 12:55:07,152  INFO SystemLogger - Binding ExternalHttpServer
17 февр. 2022 12:55:07,175  INFO StartLogger - Prereading properties graph
17 февр. 2022 12:55:07,175  INFO StartLogger - Prereading caches for properties
17 февр. 2022 12:55:07,175  INFO StartLogger - Reading modules hash
17 февр. 2022 12:55:07,176  INFO StartLogger - Prereading caches for properties ended
17 февр. 2022 12:55:07,181  INFO StartLogger - Comparing modulesHash: old 32741c47, new c2f826
17 февр. 2022 12:55:07,181  INFO StartLogger - Synchronizing property entities
17 февр. 2022 12:55:07,182  INFO StartLogger - Synchronizing forms
17 февр. 2022 12:55:07,182  INFO StartLogger - Synchronizing group properties
17 февр. 2022 12:55:07,183  INFO StartLogger - Synchronizing tables
17 февр. 2022 12:55:07,183  INFO StartLogger - Synchronizing property parents
17 февр. 2022 12:55:07,183  INFO StartLogger - Synchronizing navigator elements
17 февр. 2022 12:55:07,183  INFO StartLogger - Synchronizing group objects
17 февр. 2022 12:55:07,183  INFO StartLogger - synchronizeTables collecting data started
17 февр. 2022 12:55:07,183  INFO StartLogger - Synchronizing property draws
17 февр. 2022 12:55:07,184  INFO StartLogger - Synchronizing parents
17 февр. 2022 12:55:07,184  INFO StartLogger - Prereading security policies
17 февр. 2022 12:55:07,185  INFO StartLogger - synchronizeTables integration service started
17 февр. 2022 12:55:09,845  INFO StartLogger - synchronizeTables finished
17 февр. 2022 12:55:09,846  INFO StartLogger - Recalculating Stats at first start
17 февр. 2022 12:55:09,846  INFO StartLogger - Writing modules hash
17 февр. 2022 12:55:09,846  INFO StartLogger - Writing modulesHash c2f826
17 февр. 2022 12:55:09,871  INFO StartLogger - Writing modulesHash finished successfully
17 февр. 2022 12:55:09,875  INFO StartLogger - Obsolete caches were successfully cleaned
17 февр. 2022 12:55:09,876  INFO StartLogger - Logics instance has successfully started
17 февр. 2022 12:55:09,876  INFO StartLogger - Desktop Client is available at:
17 февр. 2022 12:55:09,876  INFO StartLogger - Java Web Start (with auto update, requires JDK): https://download.lsfusion.org/java/lsfusion-client-5.0-SNAPSHOT.jnlp
17 февр. 2022 12:55:09,876  INFO StartLogger - Installer for Windows (without auto update): https://download.lsfusion.org/exe/lsfusion-desktop-5.0-SNAPSHOT-x64.exe
17 февр. 2022 12:55:09,876  INFO StartLogger - Server has successfully started in 9638 ms.
17 февр. 2022 13:25:06,964  INFO SystemLogger - Change current time snapshots to 2022-02-17T13:25:06.964384600, 2022-02-17T08:25:06.964384600Z
17 февр. 2022 13:55:06,996  INFO SystemLogger - Change current time snapshots to 2022-02-17T13:55:06.996294700, 2022-02-17T08:55:06.996294700Z
17 февр. 2022 14:25:07,032  INFO SystemLogger - Change current time snapshots to 2022-02-17T14:25:07.032135, 2022-02-17T09:25:07.032135Z
17 февр. 2022 14:55:07,172  INFO SystemLogger - Change current time snapshots to 2022-02-17T14:55:07.172514800, 2022-02-17T09:55:07.172514800Z
17 февр. 2022 15:25:07,205  INFO SystemLogger - Change current time snapshots to 2022-02-17T15:25:07.205718300, 2022-02-17T10:25:07.205718300Z
17 февр. 2022 15:55:07,295  INFO SystemLogger - Change current time snapshots to 2022-02-17T15:55:07.295452400, 2022-02-17T10:55:07.295452400Z
17 февр. 2022 16:25:07,325  INFO SystemLogger - Change current time snapshots to 2022-02-17T16:25:07.325255400, 2022-02-17T11:25:07.325255400Z
17 февр. 2022 16:55:07,369  INFO SystemLogger - Change current time snapshots to 2022-02-17T16:55:07.369910700, 2022-02-17T11:55:07.369910700Z
17 февр. 2022 17:25:07,442  INFO SystemLogger - Change current time snapshots to 2022-02-17T17:25:07.442148500, 2022-02-17T12:25:07.442148500Z
17 февр. 2022 17:55:07,483  INFO SystemLogger - Change current time snapshots to 2022-02-17T17:55:07.483802900, 2022-02-17T12:55:07.483802900Z
17 февр. 2022 18:22:08,925  INFO StartLogger - Server is starting...
17 февр. 2022 18:22:09,797  INFO StartLogger - Logics instance is starting...
17 февр. 2022 18:22:09,837  INFO StartLogger - Initializing BusinessLogics
17 февр. 2022 18:22:09,843  INFO StartLogger - Initializing localizer
17 февр. 2022 18:22:09,844  INFO StartLogger - Initializing string literals data
17 февр. 2022 18:22:09,843  INFO StartLogger - Creating modules
17 февр. 2022 18:22:10,150  INFO StartLogger - Initializing dependencies
17 февр. 2022 18:22:10,268  INFO StartLogger - Initializing modules order
17 февр. 2022 18:22:10,269  INFO StartLogger - Initializing metacodes and classes
17 февр. 2022 18:22:10,592  INFO StartLogger - Initializing object class
17 февр. 2022 18:22:10,595  INFO StartLogger - Initializing tables
17 февр. 2022 18:22:10,634  INFO StartLogger - Initializing class tables
17 февр. 2022 18:22:10,697  INFO StartLogger - Initializing full tables with one key
17 февр. 2022 18:22:10,698  INFO StartLogger - Initializing main logic
17 февр. 2022 18:22:10,706  INFO StartLogger - Initializing main logic for module : #1 of 18 System (actual: 1)
17 февр. 2022 18:22:11,258  INFO StartLogger - Initializing main logic for module : #2 of 18 Time (actual: 2)
17 февр. 2022 18:22:11,258  INFO StartLogger - Initializing main logic for module : #4 of 18 MasterData (actual: 16)
17 февр. 2022 18:22:11,258  INFO StartLogger - Initializing main logic for module : #3 of 18 DefaultData (actual: 11)
17 февр. 2022 18:22:11,267  INFO StartLogger - Initializing main logic for module : #5 of 18 Numerator (actual: 17)
17 февр. 2022 18:22:11,352  INFO StartLogger - Initializing main logic for module : #6 of 18 Utils (actual: 3)
17 февр. 2022 18:22:11,426  INFO StartLogger - Initializing main logic for module : #7 of 18 Authentication (actual: 4)
17 февр. 2022 18:22:11,652  INFO StartLogger - Initializing main logic for module : #8 of 18 ProcessMonitor (actual: 14)
17 февр. 2022 18:22:11,652  INFO StartLogger - Initializing main logic for module : #9 of 18 Reflection (actual: 5)
17 февр. 2022 18:22:11,791  INFO StartLogger - Initializing main logic for module : #10 of 18 Email (actual: 7)
17 февр. 2022 18:22:11,791  INFO StartLogger - Initializing main logic for module : #11 of 18 SystemEvents (actual: 6)
17 февр. 2022 18:22:11,885  INFO StartLogger - Initializing main logic for module : #12 of 18 Security (actual: 8)
17 февр. 2022 18:22:12,038  INFO StartLogger - Initializing main logic for module : #13 of 18 Service (actual: 9)
17 февр. 2022 18:22:12,154  INFO StartLogger - Initializing main logic for module : #14 of 18 Eval (actual: 15)
17 февр. 2022 18:22:12,154  INFO StartLogger - Initializing main logic for module : #15 of 18 Scheduler (actual: 10)
17 февр. 2022 18:22:12,212  INFO StartLogger - Initializing main logic for module : #16 of 18 SchedulerDefaultData (actual: 12)
17 февр. 2022 18:22:12,216  INFO StartLogger - Initializing main logic for module : #17 of 18 Backup (actual: 13)
17 февр. 2022 18:22:12,237  INFO StartLogger - Initializing main logic for module : #18 of 18 Training (actual: 18)
17 февр. 2022 18:22:12,264  INFO StartLogger - Finalizing groups
17 февр. 2022 18:22:12,264  INFO StartLogger - Checking for duplicate elements
17 февр. 2022 18:22:12,264  INFO StartLogger - Finalizing classes
17 февр. 2022 18:22:12,275  INFO StartLogger - Filling implicit cases
17 февр. 2022 18:22:12,275  INFO StartLogger - Initializing abstract properties
17 февр. 2022 18:22:12,275  INFO StartLogger - Finalizing abstract actions
17 февр. 2022 18:22:12,311  INFO StartLogger - Checking abstract
17 февр. 2022 18:22:12,311  INFO StartLogger - Initializing fields for data and materialized properties
17 февр. 2022 18:22:12,311  INFO StartLogger - Initializing class aggr props
17 февр. 2022 18:22:12,322  INFO StartLogger - Looking for recursions in abstract actions / properties
17 февр. 2022 18:22:12,341  INFO StartLogger - Setup drill-down
17 февр. 2022 18:22:12,341  INFO StartLogger - Setup reset files
17 февр. 2022 18:22:12,341  INFO StartLogger - Setup property policy
17 февр. 2022 18:22:12,341  INFO StartLogger - Finalizing navigator elements
17 февр. 2022 18:22:12,345  INFO StartLogger - Finalizing tables
17 февр. 2022 18:22:12,345  INFO StartLogger - Initializing indices
17 февр. 2022 18:22:12,352  INFO StartLogger - Initializing reflection events
17 февр. 2022 18:22:12,393  INFO StartLogger - Setup action policy
17 февр. 2022 18:22:12,393  INFO StartLogger - Showing dependencies
17 февр. 2022 18:22:13,473  INFO StartLogger - Setting user logging for properties
17 февр. 2022 18:22:13,487  INFO StartLogger - Setting user not null constraints for properties
17 февр. 2022 18:22:13,489  INFO StartLogger - Reading property links
17 февр. 2022 18:22:13,489  INFO StartLogger - Initializing class data indexes
17 февр. 2022 18:22:13,489  INFO StartLogger - Setup loggables
17 февр. 2022 18:22:13,498  INFO StartLogger - Finalizing properties
17 февр. 2022 18:22:13,672  INFO StartLogger - Building property list
17 февр. 2022 18:22:13,726  INFO StartLogger - Initializing class dialog forms
17 февр. 2022 18:22:13,838  INFO StartLogger - Finalizing forms
17 февр. 2022 18:22:13,950  INFO StartLogger - Initializing actions' debugger
17 февр. 2022 18:22:13,951  INFO StartLogger - Synchronizing DB
17 февр. 2022 18:22:13,991  INFO StartLogger - Checking indices
17 февр. 2022 18:22:13,992  INFO StartLogger - Applying migration script (0.0 -> 0.0)
17 февр. 2022 18:22:14,013  INFO StartLogger - Creating tables
17 февр. 2022 18:22:14,047  INFO StartLogger - Packing tables
17 февр. 2022 18:22:14,048  INFO StartLogger - Adding indices
17 февр. 2022 18:22:14,048  INFO StartLogger - Filling static objects ids
17 февр. 2022 18:22:14,259  INFO StartLogger - Updating stats
17 февр. 2022 18:22:14,275  INFO StartLogger - Writing static objects changes
17 февр. 2022 18:22:14,287  INFO StartLogger - adding static object with id 2003, sid Training_Man and name Man
17 февр. 2022 18:22:14,292  INFO StartLogger - adding static object with id 2004, sid Training_Person and name Person
17 февр. 2022 18:22:14,324  INFO StartLogger - adding static object with id 2005, sid Training_Direction and name Direction
17 февр. 2022 18:22:14,364  INFO StartLogger - adding static object with id 2006, sid Training_Direction.north and name north
17 февр. 2022 18:22:14,373  INFO StartLogger - adding static object with id 2007, sid Training_Direction.south and name south
17 февр. 2022 18:22:14,384  INFO StartLogger - adding static object with id 2008, sid Training_Direction.east and name east
17 февр. 2022 18:22:14,402  INFO StartLogger - adding static object with id 2009, sid Training_Direction.west and name west
17 февр. 2022 18:22:14,515  INFO StartLogger - Error starting server, server will be stopped.
17 февр. 2022 18:22:14,515  INFO StartLogger - Server is stopping...
17 февр. 2022 18:22:14,515  INFO StartLogger - Logics instance is stopping...
17 февр. 2022 18:22:14,516  INFO StartLogger - Logics instance has stopped...
17 февр. 2022 18:22:14,517  INFO StartLogger - Server has stopped...
17 февр. 2022 18:23:54,840  INFO StartLogger - Server is starting...
17 февр. 2022 18:23:55,715  INFO StartLogger - Logics instance is starting...
17 февр. 2022 18:23:55,761  INFO StartLogger - Initializing BusinessLogics
17 февр. 2022 18:23:55,768  INFO StartLogger - Initializing localizer
17 февр. 2022 18:23:55,769  INFO StartLogger - Initializing string literals data
17 февр. 2022 18:23:55,769  INFO StartLogger - Creating modules
17 февр. 2022 18:23:56,101  INFO StartLogger - Initializing dependencies
17 февр. 2022 18:23:56,224  INFO StartLogger - Initializing modules order
17 февр. 2022 18:23:56,226  INFO StartLogger - Initializing metacodes and classes
17 февр. 2022 18:23:56,576  INFO StartLogger - Initializing object class
17 февр. 2022 18:23:56,579  INFO StartLogger - Initializing tables
17 февр. 2022 18:23:56,626  INFO StartLogger - Initializing class tables
17 февр. 2022 18:23:56,693  INFO StartLogger - Initializing full tables with one key
17 февр. 2022 18:23:56,694  INFO StartLogger - Initializing main logic
17 февр. 2022 18:23:56,703  INFO StartLogger - Initializing main logic for module : #1 of 18 System (actual: 1)
17 февр. 2022 18:23:57,289  INFO StartLogger - Initializing main logic for module : #2 of 18 Time (actual: 2)
17 февр. 2022 18:23:57,289  INFO StartLogger - Initializing main logic for module : #3 of 18 MasterData (actual: 16)
17 февр. 2022 18:23:57,289  INFO StartLogger - Initializing main logic for module : #4 of 18 DefaultData (actual: 11)
17 февр. 2022 18:23:57,299  INFO StartLogger - Initializing main logic for module : #5 of 18 Numerator (actual: 17)
17 февр. 2022 18:23:57,406  INFO StartLogger - Initializing main logic for module : #6 of 18 Utils (actual: 3)
17 февр. 2022 18:23:57,489  INFO StartLogger - Initializing main logic for module : #7 of 18 Authentication (actual: 4)
17 февр. 2022 18:23:57,761  INFO StartLogger - Initializing main logic for module : #8 of 18 Reflection (actual: 5)
17 февр. 2022 18:23:57,761  INFO StartLogger - Initializing main logic for module : #9 of 18 ProcessMonitor (actual: 14)
17 февр. 2022 18:23:57,933  INFO StartLogger - Initializing main logic for module : #10 of 18 Email (actual: 7)
17 февр. 2022 18:23:57,933  INFO StartLogger - Initializing main logic for module : #11 of 18 SystemEvents (actual: 6)
17 февр. 2022 18:23:58,050  INFO StartLogger - Initializing main logic for module : #12 of 18 Security (actual: 8)
17 февр. 2022 18:23:58,247  INFO StartLogger - Initializing main logic for module : #13 of 18 Service (actual: 9)
17 февр. 2022 18:23:58,444  INFO StartLogger - Initializing main logic for module : #14 of 18 Scheduler (actual: 10)
17 февр. 2022 18:23:58,444  INFO StartLogger - Initializing main logic for module : #15 of 18 Eval (actual: 15)
17 февр. 2022 18:23:58,553  INFO StartLogger - Initializing main logic for module : #16 of 18 SchedulerDefaultData (actual: 12)
17 февр. 2022 18:23:58,558  INFO StartLogger - Initializing main logic for module : #17 of 18 Backup (actual: 13)
17 февр. 2022 18:23:58,593  INFO StartLogger - Initializing main logic for module : #18 of 18 Training (actual: 18)
17 февр. 2022 18:23:58,623  INFO StartLogger - Finalizing groups
17 февр. 2022 18:23:58,623  INFO StartLogger - Finalizing classes
17 февр. 2022 18:23:58,623  INFO StartLogger - Checking for duplicate elements
17 февр. 2022 18:23:58,641  INFO StartLogger - Filling implicit cases
17 февр. 2022 18:23:58,641  INFO StartLogger - Initializing abstract properties
17 февр. 2022 18:23:58,642  INFO StartLogger - Finalizing abstract actions
17 февр. 2022 18:23:58,691  INFO StartLogger - Checking abstract
17 февр. 2022 18:23:58,692  INFO StartLogger - Initializing fields for data and materialized properties
17 февр. 2022 18:23:58,692  INFO StartLogger - Initializing class aggr props
17 февр. 2022 18:23:58,699  INFO StartLogger - Looking for recursions in abstract actions / properties
17 февр. 2022 18:23:58,728  INFO StartLogger - Setup drill-down
17 февр. 2022 18:23:58,729  INFO StartLogger - Setup reset files
17 февр. 2022 18:23:58,731  INFO StartLogger - Setup property policy
17 февр. 2022 18:23:58,736  INFO StartLogger - Finalizing navigator elements
17 февр. 2022 18:23:58,737  INFO StartLogger - Finalizing tables
17 февр. 2022 18:23:58,738  INFO StartLogger - Initializing indices
17 февр. 2022 18:23:58,783  INFO StartLogger - Initializing reflection events
17 февр. 2022 18:23:58,786  INFO StartLogger - Setup action policy
17 февр. 2022 18:23:58,786  INFO StartLogger - Showing dependencies
17 февр. 2022 18:24:00,038  INFO StartLogger - Setting user logging for properties
17 февр. 2022 18:24:00,054  INFO StartLogger - Setting user not null constraints for properties
17 февр. 2022 18:24:00,057  INFO StartLogger - Reading property links
17 февр. 2022 18:24:00,057  INFO StartLogger - Initializing class data indexes
17 февр. 2022 18:24:00,057  INFO StartLogger - Setup loggables
17 февр. 2022 18:24:00,069  INFO StartLogger - Finalizing properties
17 февр. 2022 18:24:00,317  INFO StartLogger - Building property list
17 февр. 2022 18:24:00,386  INFO StartLogger - Initializing class dialog forms
17 февр. 2022 18:24:00,519  INFO StartLogger - Finalizing forms
17 февр. 2022 18:24:00,640  INFO StartLogger - Initializing actions' debugger
17 февр. 2022 18:24:00,641  INFO StartLogger - Synchronizing DB
17 февр. 2022 18:24:00,688  INFO StartLogger - Checking indices
17 февр. 2022 18:24:00,689  INFO StartLogger - Applying migration script (0.0 -> 0.0)
17 февр. 2022 18:24:00,713  INFO StartLogger - Creating tables
17 февр. 2022 18:24:00,748  INFO StartLogger - Packing tables
17 февр. 2022 18:24:00,749  INFO StartLogger - Adding indices
17 февр. 2022 18:24:00,749  INFO StartLogger - Filling static objects ids
17 февр. 2022 18:24:00,969  INFO StartLogger - Updating stats
17 февр. 2022 18:24:00,987  INFO StartLogger - Writing static objects changes
17 февр. 2022 18:24:00,997  INFO StartLogger - adding static object with id 2053, sid Training_Man and name Man
17 февр. 2022 18:24:01,003  INFO StartLogger - adding static object with id 2054, sid Training_Person and name Person
17 февр. 2022 18:24:01,041  INFO StartLogger - adding static object with id 2055, sid Training_Direction and name Direction
17 февр. 2022 18:24:01,086  INFO StartLogger - adding static object with id 2056, sid Training_Direction.south and name south
17 февр. 2022 18:24:01,096  INFO StartLogger - adding static object with id 2057, sid Training_Direction.west and name west
17 февр. 2022 18:24:01,106  INFO StartLogger - adding static object with id 2058, sid Training_Direction.east and name east
17 февр. 2022 18:24:01,125  INFO StartLogger - adding static object with id 2059, sid Training_Direction.north and name north
17 февр. 2022 18:24:01,353  INFO StartLogger - Migrating reflection properties and actions
17 февр. 2022 18:24:01,381  INFO StartLogger - Recalculating aggregations
17 февр. 2022 18:24:01,383  INFO StartLogger - Update Aggregation Stats started: _auto_Training_Man
17 февр. 2022 18:24:02,031  INFO StartLogger - Update Aggregation Stats: _auto_Training_Man, 649ms
17 февр. 2022 18:24:02,031  INFO StartLogger - Update Aggregation Stats started: _auto_Training_Person
17 февр. 2022 18:24:02,643  INFO StartLogger - Update Aggregation Stats: _auto_Training_Person, 612ms
17 февр. 2022 18:24:02,643  INFO StartLogger - Update Aggregation Stats started: _auto_Training_Direction
17 февр. 2022 18:24:02,770  INFO StartLogger - Update Aggregation Stats: _auto_Training_Direction, 127ms
17 февр. 2022 18:24:02,901  INFO StartLogger - Initializing Security Manager.
17 февр. 2022 18:24:02,940  INFO StartLogger - Starting Security Manager.
17 февр. 2022 18:24:03,029  INFO StartLogger - Starting RMI Manager
17 февр. 2022 18:24:03,058  INFO StartLogger - Executing onStarted action
17 февр. 2022 18:24:03,163  INFO SystemLogger - Setting hostname: null
17 февр. 2022 18:24:03,426  INFO StartLogger - Starting Scheduler
17 февр. 2022 18:24:03,496  INFO SystemLogger - Change current time snapshots to 2022-02-17T18:24:03.495856400, 2022-02-17T13:24:03.496854800Z
17 февр. 2022 18:24:03,637  INFO StartLogger - Exporting RMI Logics object (port: 7652)
17 февр. 2022 18:24:03,647  INFO SystemLogger - Binding ExternalHttpServer
17 февр. 2022 18:24:03,667  INFO StartLogger - Prereading properties graph
17 февр. 2022 18:24:03,667  INFO StartLogger - Prereading caches for properties
17 февр. 2022 18:24:03,667  INFO StartLogger - Reading modules hash
17 февр. 2022 18:24:03,668  INFO StartLogger - Prereading caches for properties ended
17 февр. 2022 18:24:03,669  INFO StartLogger - Comparing modulesHash: old c2f826, new ca8b736a
17 февр. 2022 18:24:03,670  INFO StartLogger - Synchronizing property entities
17 февр. 2022 18:24:03,670  INFO StartLogger - Synchronizing group properties
17 февр. 2022 18:24:03,670  INFO StartLogger - Synchronizing forms
17 февр. 2022 18:24:03,671  INFO StartLogger - Synchronizing tables
17 февр. 2022 18:24:03,671  INFO StartLogger - Synchronizing property parents
17 февр. 2022 18:24:03,671  INFO StartLogger - Synchronizing navigator elements
17 февр. 2022 18:24:03,671  INFO StartLogger - synchronizeTables collecting data started
17 февр. 2022 18:24:03,671  INFO StartLogger - Synchronizing group objects
17 февр. 2022 18:24:03,672  INFO StartLogger - Synchronizing property draws
17 февр. 2022 18:24:03,672  INFO StartLogger - Synchronizing parents
17 февр. 2022 18:24:03,672  INFO StartLogger - Prereading security policies
17 февр. 2022 18:24:03,673  INFO StartLogger - synchronizeTables integration service started
17 февр. 2022 18:24:06,624  INFO StartLogger - synchronizeTables finished
17 февр. 2022 18:24:06,625  INFO StartLogger - Recalculating Stats at first start
17 февр. 2022 18:24:06,625  INFO StartLogger - Writing modules hash
17 февр. 2022 18:24:06,625  INFO StartLogger - Writing modulesHash ca8b736a
17 февр. 2022 18:24:06,640  INFO StartLogger - Writing modulesHash finished successfully
17 февр. 2022 18:24:06,644  INFO StartLogger - Obsolete caches were successfully cleaned
17 февр. 2022 18:24:06,644  INFO StartLogger - Logics instance has successfully started
17 февр. 2022 18:24:06,645  INFO StartLogger - Desktop Client is available at:
17 февр. 2022 18:24:06,645  INFO StartLogger - Java Web Start (with auto update, requires JDK): https://download.lsfusion.org/java/lsfusion-client-5.0-SNAPSHOT.jnlp
17 февр. 2022 18:24:06,645  INFO StartLogger - Installer for Windows (without auto update): https://download.lsfusion.org/exe/lsfusion-desktop-5.0-SNAPSHOT-x64.exe
17 февр. 2022 18:24:06,645  INFO StartLogger - Server has successfully started in 11805 ms.
17 февр. 2022 18:34:00,193  INFO StartLogger - Server is starting...
17 февр. 2022 18:34:01,124  INFO StartLogger - Logics instance is starting...
17 февр. 2022 18:34:01,160  INFO StartLogger - Initializing BusinessLogics
17 февр. 2022 18:34:01,166  INFO StartLogger - Initializing localizer
17 февр. 2022 18:34:01,168  INFO StartLogger - Creating modules
17 февр. 2022 18:34:01,167  INFO StartLogger - Initializing string literals data
17 февр. 2022 18:34:01,509  INFO StartLogger - Initializing dependencies
17 февр. 2022 18:34:01,626  INFO StartLogger - Initializing modules order
17 февр. 2022 18:34:01,627  INFO StartLogger - Initializing metacodes and classes
17 февр. 2022 18:34:02,090  INFO StartLogger - Initializing object class
17 февр. 2022 18:34:02,094  INFO StartLogger - Initializing tables
17 февр. 2022 18:34:02,137  INFO StartLogger - Initializing class tables
17 февр. 2022 18:34:02,215  INFO StartLogger - Initializing full tables with one key
17 февр. 2022 18:34:02,216  INFO StartLogger - Initializing main logic
17 февр. 2022 18:34:02,227  INFO StartLogger - Initializing main logic for module : #1 of 18 System (actual: 1)
17 февр. 2022 18:34:02,874  INFO StartLogger - Initializing main logic for module : #2 of 18 MasterData (actual: 16)
17 февр. 2022 18:34:02,874  INFO StartLogger - Initializing main logic for module : #3 of 18 Time (actual: 2)
17 февр. 2022 18:34:02,874  INFO StartLogger - Initializing main logic for module : #4 of 18 DefaultData (actual: 11)
17 февр. 2022 18:34:02,882  INFO StartLogger - Initializing main logic for module : #5 of 18 Numerator (actual: 17)
17 февр. 2022 18:34:02,963  INFO StartLogger - Initializing main logic for module : #6 of 18 Utils (actual: 3)
17 февр. 2022 18:34:03,031  INFO StartLogger - Initializing main logic for module : #7 of 18 Authentication (actual: 4)
17 февр. 2022 18:34:03,229  INFO StartLogger - Initializing main logic for module : #8 of 18 ProcessMonitor (actual: 14)
17 февр. 2022 18:34:03,229  INFO StartLogger - Initializing main logic for module : #9 of 18 Reflection (actual: 5)
17 февр. 2022 18:34:03,350  INFO StartLogger - Initializing main logic for module : #10 of 18 Email (actual: 7)
17 февр. 2022 18:34:03,350  INFO StartLogger - Initializing main logic for module : #11 of 18 SystemEvents (actual: 6)
17 февр. 2022 18:34:03,431  INFO StartLogger - Initializing main logic for module : #12 of 18 Security (actual: 8)
17 февр. 2022 18:34:03,563  INFO StartLogger - Initializing main logic for module : #13 of 18 Service (actual: 9)
17 февр. 2022 18:34:03,676  INFO StartLogger - Initializing main logic for module : #14 of 18 Eval (actual: 15)
17 февр. 2022 18:34:03,676  INFO StartLogger - Initializing main logic for module : #15 of 18 Scheduler (actual: 10)
17 февр. 2022 18:34:03,741  INFO StartLogger - Initializing main logic for module : #16 of 18 SchedulerDefaultData (actual: 12)
17 февр. 2022 18:34:03,745  INFO StartLogger - Initializing main logic for module : #17 of 18 Backup (actual: 13)
17 февр. 2022 18:34:03,763  INFO StartLogger - Initializing main logic for module : #18 of 18 Training (actual: 18)
17 февр. 2022 18:34:03,782  INFO StartLogger - Checking for duplicate elements
17 февр. 2022 18:34:03,782  INFO StartLogger - Finalizing groups
17 февр. 2022 18:34:03,782  INFO StartLogger - Finalizing classes
17 февр. 2022 18:34:03,794  INFO StartLogger - Filling implicit cases
17 февр. 2022 18:34:03,794  INFO StartLogger - Initializing abstract properties
17 февр. 2022 18:34:03,795  INFO StartLogger - Finalizing abstract actions
17 февр. 2022 18:34:03,832  INFO StartLogger - Initializing fields for data and materialized properties
17 февр. 2022 18:34:03,832  INFO StartLogger - Initializing class aggr props
17 февр. 2022 18:34:03,832  INFO StartLogger - Checking abstract
17 февр. 2022 18:34:03,841  INFO StartLogger - Looking for recursions in abstract actions / properties
17 февр. 2022 18:34:03,856  INFO StartLogger - Finalizing navigator elements
17 февр. 2022 18:34:03,856  INFO StartLogger - Setup reset files
17 февр. 2022 18:34:03,856  INFO StartLogger - Setup property policy
17 февр. 2022 18:34:03,856  INFO StartLogger - Setup drill-down
17 февр. 2022 18:34:03,864  INFO StartLogger - Finalizing tables
17 февр. 2022 18:34:03,864  INFO StartLogger - Initializing indices
17 февр. 2022 18:34:03,878  INFO StartLogger - Initializing reflection events
17 февр. 2022 18:34:03,908  INFO StartLogger - Showing dependencies
17 февр. 2022 18:34:03,908  INFO StartLogger - Setup action policy
17 февр. 2022 18:34:04,988  INFO StartLogger - Setting user logging for properties
17 февр. 2022 18:34:05,004  INFO StartLogger - Setting user not null constraints for properties
17 февр. 2022 18:34:05,008  INFO StartLogger - Reading property links
17 февр. 2022 18:34:05,008  INFO StartLogger - Setup loggables
17 февр. 2022 18:34:05,008  INFO StartLogger - Initializing class data indexes
17 февр. 2022 18:34:05,016  INFO StartLogger - Finalizing properties
17 февр. 2022 18:34:05,214  INFO StartLogger - Building property list
17 февр. 2022 18:34:05,274  INFO StartLogger - Initializing class dialog forms
17 февр. 2022 18:34:05,413  INFO StartLogger - Finalizing forms
17 февр. 2022 18:34:05,558  INFO StartLogger - Initializing actions' debugger
17 февр. 2022 18:34:07,529  INFO StartLogger - Synchronizing DB
17 февр. 2022 18:34:07,570  INFO StartLogger - Checking indices
17 февр. 2022 18:34:07,570  INFO StartLogger - Applying migration script (0.0 -> 0.0)
17 февр. 2022 18:34:07,596  INFO StartLogger - Creating tables
17 февр. 2022 18:34:07,602  INFO StartLogger - Packing tables
17 февр. 2022 18:34:07,602  INFO StartLogger - Adding indices
17 февр. 2022 18:34:07,602  INFO StartLogger - Filling static objects ids
17 февр. 2022 18:34:07,720  INFO StartLogger - Updating stats
17 февр. 2022 18:34:07,735  INFO StartLogger - Writing static objects changes
17 февр. 2022 18:34:07,928  INFO StartLogger - Migrating reflection properties and actions
17 февр. 2022 18:34:07,954  INFO StartLogger - Recalculating aggregations
17 февр. 2022 18:34:08,083  INFO StartLogger - Initializing Security Manager.
17 февр. 2022 18:34:08,111  INFO StartLogger - Starting Security Manager.
17 февр. 2022 18:34:08,158  INFO StartLogger - Starting RMI Manager
17 февр. 2022 18:34:08,162  INFO StartLogger - Executing onStarted action
17 февр. 2022 18:34:08,299  INFO SystemLogger - Setting hostname: null
17 февр. 2022 18:34:08,527  INFO StartLogger - Starting Scheduler
17 февр. 2022 18:34:08,585  INFO SystemLogger - Change current time snapshots to 2022-02-17T18:34:08.583697, 2022-02-17T13:34:08.584695800Z
17 февр. 2022 18:34:08,725  INFO StartLogger - Exporting RMI Logics object (port: 7652)
17 февр. 2022 18:34:08,729  INFO SystemLogger - Binding ExternalHttpServer
17 февр. 2022 18:34:08,749  INFO StartLogger - Reading modules hash
17 февр. 2022 18:34:08,750  INFO StartLogger - Prereading caches for properties
17 февр. 2022 18:34:08,750  INFO StartLogger - Prereading properties graph
17 февр. 2022 18:34:08,751  INFO StartLogger - Prereading caches for properties ended
17 февр. 2022 18:34:08,755  INFO StartLogger - Comparing modulesHash: old ca8b736a, new ca8b736a
17 февр. 2022 18:34:08,756  INFO StartLogger - Synchronizing property entities
17 февр. 2022 18:34:08,756  INFO StartLogger - Synchronizing group properties
17 февр. 2022 18:34:08,756  INFO StartLogger - Synchronizing forms
17 февр. 2022 18:34:08,757  INFO StartLogger - Synchronizing tables
17 февр. 2022 18:34:08,757  INFO StartLogger - Synchronizing property parents
17 февр. 2022 18:34:08,757  INFO StartLogger - Synchronizing navigator elements
17 февр. 2022 18:34:08,757  INFO StartLogger - Synchronizing group objects
17 февр. 2022 18:34:08,758  INFO StartLogger - Synchronizing property draws
17 февр. 2022 18:34:08,758  INFO StartLogger - Synchronizing parents
17 февр. 2022 18:34:08,759  INFO StartLogger - Prereading security policies
17 февр. 2022 18:34:08,759  INFO StartLogger - Recalculating Stats at first start
17 февр. 2022 18:34:08,759  INFO StartLogger - Writing modules hash
17 февр. 2022 18:34:08,759  INFO StartLogger - Writing modulesHash ca8b736a
17 февр. 2022 18:34:08,777  INFO StartLogger - Writing modulesHash finished successfully
17 февр. 2022 18:34:08,780  INFO StartLogger - Obsolete caches were successfully cleaned
17 февр. 2022 18:34:08,780  INFO StartLogger - Logics instance has successfully started
17 февр. 2022 18:34:08,781  INFO StartLogger - Desktop Client is available at:
17 февр. 2022 18:34:08,781  INFO StartLogger - Java Web Start (with auto update, requires JDK): https://download.lsfusion.org/java/lsfusion-client-5.0-SNAPSHOT.jnlp
17 февр. 2022 18:34:08,781  INFO StartLogger - Installer for Windows (without auto update): https://download.lsfusion.org/exe/lsfusion-desktop-5.0-SNAPSHOT-x64.exe
17 февр. 2022 18:34:08,781  INFO StartLogger - Server has successfully started in 8588 ms.
17 февр. 2022 18:36:26,098  INFO StartLogger - Server is starting...
17 февр. 2022 18:36:26,876  INFO StartLogger - Logics instance is starting...
17 февр. 2022 18:36:26,905  INFO StartLogger - Initializing BusinessLogics
17 февр. 2022 18:36:26,910  INFO StartLogger - Creating modules
17 февр. 2022 18:36:26,911  INFO StartLogger - Initializing string literals data
17 февр. 2022 18:36:26,910  INFO StartLogger - Initializing localizer
17 февр. 2022 18:36:27,212  INFO StartLogger - Initializing dependencies
17 февр. 2022 18:36:27,326  INFO StartLogger - Initializing modules order
17 февр. 2022 18:36:27,327  INFO StartLogger - Initializing metacodes and classes
17 февр. 2022 18:36:27,651  INFO StartLogger - Initializing object class
17 февр. 2022 18:36:27,654  INFO StartLogger - Initializing tables
17 февр. 2022 18:36:27,695  INFO StartLogger - Initializing class tables
17 февр. 2022 18:36:27,774  INFO StartLogger - Initializing full tables with one key
17 февр. 2022 18:36:27,775  INFO StartLogger - Initializing main logic
17 февр. 2022 18:36:27,787  INFO StartLogger - Initializing main logic for module : #1 of 18 System (actual: 1)
17 февр. 2022 18:36:28,372  INFO StartLogger - Initializing main logic for module : #2 of 18 DefaultData (actual: 11)
17 февр. 2022 18:36:28,372  INFO StartLogger - Initializing main logic for module : #4 of 18 Time (actual: 2)
17 февр. 2022 18:36:28,372  INFO StartLogger - Initializing main logic for module : #3 of 18 MasterData (actual: 16)
17 февр. 2022 18:36:28,379  INFO StartLogger - Initializing main logic for module : #5 of 18 Numerator (actual: 17)
17 февр. 2022 18:36:28,458  INFO StartLogger - Initializing main logic for module : #6 of 18 Utils (actual: 3)
17 февр. 2022 18:36:28,524  INFO StartLogger - Initializing main logic for module : #7 of 18 Authentication (actual: 4)
17 февр. 2022 18:36:28,728  INFO StartLogger - Initializing main logic for module : #8 of 18 Reflection (actual: 5)
17 февр. 2022 18:36:28,728  INFO StartLogger - Initializing main logic for module : #9 of 18 ProcessMonitor (actual: 14)
17 февр. 2022 18:36:28,854  INFO StartLogger - Initializing main logic for module : #10 of 18 SystemEvents (actual: 6)
17 февр. 2022 18:36:28,854  INFO StartLogger - Initializing main logic for module : #11 of 18 Email (actual: 7)
17 февр. 2022 18:36:28,929  INFO StartLogger - Initializing main logic for module : #12 of 18 Security (actual: 8)
17 февр. 2022 18:36:29,058  INFO StartLogger - Initializing main logic for module : #13 of 18 Service (actual: 9)
17 февр. 2022 18:36:29,163  INFO StartLogger - Initializing main logic for module : #14 of 18 Scheduler (actual: 10)
17 февр. 2022 18:36:29,163  INFO StartLogger - Initializing main logic for module : #15 of 18 Eval (actual: 15)
17 февр. 2022 18:36:29,213  INFO StartLogger - Initializing main logic for module : #16 of 18 SchedulerDefaultData (actual: 12)
17 февр. 2022 18:36:29,217  INFO StartLogger - Initializing main logic for module : #17 of 18 Backup (actual: 13)
17 февр. 2022 18:36:29,238  INFO StartLogger - Initializing main logic for module : #18 of 18 Training (actual: 18)
17 февр. 2022 18:36:29,276  INFO StartLogger - Finalizing groups
17 февр. 2022 18:36:29,276  INFO StartLogger - Finalizing classes
17 февр. 2022 18:36:29,276  INFO StartLogger - Checking for duplicate elements
17 февр. 2022 18:36:29,289  INFO StartLogger - Filling implicit cases
17 февр. 2022 18:36:29,289  INFO StartLogger - Initializing abstract properties
17 февр. 2022 18:36:29,289  INFO StartLogger - Finalizing abstract actions
17 февр. 2022 18:36:29,327  INFO StartLogger - Checking abstract
17 февр. 2022 18:36:29,328  INFO StartLogger - Initializing fields for data and materialized properties
17 февр. 2022 18:36:29,328  INFO StartLogger - Initializing class aggr props
17 февр. 2022 18:36:29,336  INFO StartLogger - Looking for recursions in abstract actions / properties
17 февр. 2022 18:36:29,354  INFO StartLogger - Setup drill-down
17 февр. 2022 18:36:29,357  INFO StartLogger - Setup reset files
17 февр. 2022 18:36:29,360  INFO StartLogger - Setup property policy
17 февр. 2022 18:36:29,361  INFO StartLogger - Finalizing navigator elements
17 февр. 2022 18:36:29,361  INFO StartLogger - Finalizing tables
17 февр. 2022 18:36:29,361  INFO StartLogger - Initializing indices
17 февр. 2022 18:36:29,374  INFO StartLogger - Initializing reflection events
17 февр. 2022 18:36:29,396  INFO StartLogger - Setup action policy
17 февр. 2022 18:36:29,396  INFO StartLogger - Showing dependencies
17 февр. 2022 18:36:30,490  INFO StartLogger - Setting user logging for properties
17 февр. 2022 18:36:30,505  INFO StartLogger - Setting user not null constraints for properties
17 февр. 2022 18:36:30,508  INFO StartLogger - Reading property links
17 февр. 2022 18:36:30,508  INFO StartLogger - Initializing class data indexes
17 февр. 2022 18:36:30,508  INFO StartLogger - Setup loggables
17 февр. 2022 18:36:30,516  INFO StartLogger - Finalizing properties
17 февр. 2022 18:36:30,688  INFO StartLogger - Building property list
17 февр. 2022 18:36:30,773  INFO StartLogger - Initializing class dialog forms
17 февр. 2022 18:36:30,893  INFO StartLogger - Finalizing forms
17 февр. 2022 18:36:31,016  INFO StartLogger - Initializing actions' debugger
17 февр. 2022 18:36:31,017  INFO StartLogger - Synchronizing DB
17 февр. 2022 18:36:31,059  INFO StartLogger - Checking indices
17 февр. 2022 18:36:31,060  INFO StartLogger - Applying migration script (0.0 -> 0.0)
17 февр. 2022 18:36:31,082  INFO StartLogger - Creating tables
17 февр. 2022 18:36:31,091  INFO StartLogger - Packing tables
17 февр. 2022 18:36:31,091  INFO StartLogger - Adding indices
17 февр. 2022 18:36:31,091  INFO StartLogger - Filling static objects ids
17 февр. 2022 18:36:31,206  INFO StartLogger - Updating stats
17 февр. 2022 18:36:31,221  INFO StartLogger - Writing static objects changes
17 февр. 2022 18:36:31,430  INFO StartLogger - Migrating reflection properties and actions
17 февр. 2022 18:36:31,463  INFO StartLogger - Recalculating aggregations
17 февр. 2022 18:36:31,619  INFO StartLogger - Initializing Security Manager.
17 февр. 2022 18:36:31,659  INFO StartLogger - Starting Security Manager.
17 февр. 2022 18:36:31,720  INFO StartLogger - Starting RMI Manager
17 февр. 2022 18:36:31,746  INFO StartLogger - Executing onStarted action
17 февр. 2022 18:36:31,858  INFO SystemLogger - Setting hostname: null
17 февр. 2022 18:36:32,132  INFO StartLogger - Starting Scheduler
17 февр. 2022 18:36:32,204  INFO SystemLogger - Change current time snapshots to 2022-02-17T18:36:32.203664800, 2022-02-17T13:36:32.204661700Z
17 февр. 2022 18:36:32,330  INFO StartLogger - Exporting RMI Logics object (port: 7652)
17 февр. 2022 18:36:32,337  INFO SystemLogger - Binding ExternalHttpServer
17 февр. 2022 18:36:32,358  INFO StartLogger - Prereading properties graph
17 февр. 2022 18:36:32,359  INFO StartLogger - Reading modules hash
17 февр. 2022 18:36:32,359  INFO StartLogger - Prereading caches for properties
17 февр. 2022 18:36:32,360  INFO StartLogger - Prereading caches for properties ended
17 февр. 2022 18:36:32,362  INFO StartLogger - Comparing modulesHash: old ca8b736a, new ca8b736a
17 февр. 2022 18:36:32,364  INFO StartLogger - Synchronizing property entities
17 февр. 2022 18:36:32,364  INFO StartLogger - Synchronizing forms
17 февр. 2022 18:36:32,364  INFO StartLogger - Synchronizing group properties
17 февр. 2022 18:36:32,365  INFO StartLogger - Synchronizing tables
17 февр. 2022 18:36:32,365  INFO StartLogger - Synchronizing navigator elements
17 февр. 2022 18:36:32,365  INFO StartLogger - Synchronizing property parents
17 февр. 2022 18:36:32,365  INFO StartLogger - Synchronizing group objects
17 февр. 2022 18:36:32,365  INFO StartLogger - Synchronizing property draws
17 февр. 2022 18:36:32,365  INFO StartLogger - Synchronizing parents
17 февр. 2022 18:36:32,366  INFO StartLogger - Prereading security policies
17 февр. 2022 18:36:32,366  INFO StartLogger - Recalculating Stats at first start
17 февр. 2022 18:36:32,366  INFO StartLogger - Writing modules hash
17 февр. 2022 18:36:32,366  INFO StartLogger - Writing modulesHash ca8b736a
17 февр. 2022 18:36:32,388  INFO StartLogger - Writing modulesHash finished successfully
17 февр. 2022 18:36:32,391  INFO StartLogger - Obsolete caches were successfully cleaned
17 февр. 2022 18:36:32,391  INFO StartLogger - Logics instance has successfully started
17 февр. 2022 18:36:32,392  INFO StartLogger - Desktop Client is available at:
17 февр. 2022 18:36:32,392  INFO StartLogger - Java Web Start (with auto update, requires JDK): https://download.lsfusion.org/java/lsfusion-client-5.0-SNAPSHOT.jnlp
17 февр. 2022 18:36:32,392  INFO StartLogger - Installer for Windows (without auto update): https://download.lsfusion.org/exe/lsfusion-desktop-5.0-SNAPSHOT-x64.exe
17 февр. 2022 18:36:32,392  INFO StartLogger - Server has successfully started in 6294 ms.
17 февр. 2022 18:50:08,279  INFO StartLogger - Server is starting...
17 февр. 2022 18:50:09,079  INFO StartLogger - Logics instance is starting...
17 февр. 2022 18:50:09,110  INFO StartLogger - Initializing BusinessLogics
17 февр. 2022 18:50:09,115  INFO StartLogger - Initializing localizer
17 февр. 2022 18:50:09,116  INFO StartLogger - Initializing string literals data
17 февр. 2022 18:50:09,115  INFO StartLogger - Creating modules
17 февр. 2022 18:50:09,443  INFO StartLogger - Initializing dependencies
17 февр. 2022 18:50:09,560  INFO StartLogger - Initializing modules order
17 февр. 2022 18:50:09,561  INFO StartLogger - Initializing metacodes and classes
17 февр. 2022 18:50:09,895  INFO StartLogger - Initializing object class
17 февр. 2022 18:50:09,899  INFO StartLogger - Initializing tables
17 февр. 2022 18:50:09,942  INFO StartLogger - Initializing class tables
17 февр. 2022 18:50:10,014  INFO StartLogger - Initializing full tables with one key
17 февр. 2022 18:50:10,015  INFO StartLogger - Initializing main logic
17 февр. 2022 18:50:10,025  INFO StartLogger - Initializing main logic for module : #1 of 18 System (actual: 1)
17 февр. 2022 18:50:10,588  INFO StartLogger - Initializing main logic for module : #2 of 18 DefaultData (actual: 11)
17 февр. 2022 18:50:10,588  INFO StartLogger - Initializing main logic for module : #3 of 18 Time (actual: 2)
17 февр. 2022 18:50:10,588  INFO StartLogger - Initializing main logic for module : #4 of 18 MasterData (actual: 16)
17 февр. 2022 18:50:10,596  INFO StartLogger - Initializing main logic for module : #5 of 18 Numerator (actual: 17)
17 февр. 2022 18:50:10,684  INFO StartLogger - Initializing main logic for module : #6 of 18 Utils (actual: 3)
17 февр. 2022 18:50:10,756  INFO StartLogger - Initializing main logic for module : #7 of 18 Authentication (actual: 4)
17 февр. 2022 18:50:10,983  INFO StartLogger - Initializing main logic for module : #8 of 18 Reflection (actual: 5)
17 февр. 2022 18:50:10,983  INFO StartLogger - Initializing main logic for module : #9 of 18 ProcessMonitor (actual: 14)
17 февр. 2022 18:50:11,130  INFO StartLogger - Initializing main logic for module : #10 of 18 Email (actual: 7)
17 февр. 2022 18:50:11,130  INFO StartLogger - Initializing main logic for module : #11 of 18 SystemEvents (actual: 6)
17 февр. 2022 18:50:11,225  INFO StartLogger - Initializing main logic for module : #12 of 18 Security (actual: 8)
17 февр. 2022 18:50:11,373  INFO StartLogger - Initializing main logic for module : #13 of 18 Service (actual: 9)
17 февр. 2022 18:50:11,475  INFO StartLogger - Initializing main logic for module : #14 of 18 Scheduler (actual: 10)
17 февр. 2022 18:50:11,475  INFO StartLogger - Initializing main logic for module : #15 of 18 Eval (actual: 15)
17 февр. 2022 18:50:11,529  INFO StartLogger - Initializing main logic for module : #16 of 18 SchedulerDefaultData (actual: 12)
17 февр. 2022 18:50:11,533  INFO StartLogger - Initializing main logic for module : #17 of 18 Backup (actual: 13)
17 февр. 2022 18:50:11,553  INFO StartLogger - Initializing main logic for module : #18 of 18 Training (actual: 18)
17 февр. 2022 18:50:11,578  INFO StartLogger - Finalizing groups
17 февр. 2022 18:50:11,578  INFO StartLogger - Finalizing classes
17 февр. 2022 18:50:11,578  INFO StartLogger - Checking for duplicate elements
17 февр. 2022 18:50:11,590  INFO StartLogger - Filling implicit cases
17 февр. 2022 18:50:11,591  INFO StartLogger - Initializing abstract properties
17 февр. 2022 18:50:11,591  INFO StartLogger - Finalizing abstract actions
17 февр. 2022 18:50:11,629  INFO StartLogger - Checking abstract
17 февр. 2022 18:50:11,630  INFO StartLogger - Initializing class aggr props
17 февр. 2022 18:50:11,629  INFO StartLogger - Initializing fields for data and materialized properties
17 февр. 2022 18:50:11,638  INFO StartLogger - Looking for recursions in abstract actions / properties
17 февр. 2022 18:50:11,654  INFO StartLogger - Setup drill-down
17 февр. 2022 18:50:11,654  INFO StartLogger - Setup reset files
17 февр. 2022 18:50:11,654  INFO StartLogger - Setup property policy
17 февр. 2022 18:50:11,655  INFO StartLogger - Finalizing navigator elements
17 февр. 2022 18:50:11,661  INFO StartLogger - Finalizing tables
17 февр. 2022 18:50:11,661  INFO StartLogger - Initializing indices
17 февр. 2022 18:50:11,672  INFO StartLogger - Initializing reflection events
17 февр. 2022 18:50:11,699  INFO StartLogger - Setup action policy
17 февр. 2022 18:50:11,699  INFO StartLogger - Showing dependencies
17 февр. 2022 18:50:12,693  INFO StartLogger - Setting user logging for properties
17 февр. 2022 18:50:12,706  INFO StartLogger - Setting user not null constraints for properties
17 февр. 2022 18:50:12,709  INFO StartLogger - Reading property links
17 февр. 2022 18:50:12,709  INFO StartLogger - Initializing class data indexes
17 февр. 2022 18:50:12,709  INFO StartLogger - Setup loggables
17 февр. 2022 18:50:12,719  INFO StartLogger - Finalizing properties
17 февр. 2022 18:50:12,914  INFO StartLogger - Building property list
17 февр. 2022 18:50:12,969  INFO StartLogger - Initializing class dialog forms
17 февр. 2022 18:50:13,082  INFO StartLogger - Finalizing forms
17 февр. 2022 18:50:13,202  INFO StartLogger - Initializing actions' debugger
17 февр. 2022 18:50:13,203  INFO StartLogger - Synchronizing DB
17 февр. 2022 18:50:13,246  INFO StartLogger - Checking indices
17 февр. 2022 18:50:13,246  INFO StartLogger - Applying migration script (0.0 -> 0.0)
17 февр. 2022 18:50:13,269  INFO StartLogger - Creating tables
17 февр. 2022 18:50:13,274  INFO StartLogger - Packing tables
17 февр. 2022 18:50:13,275  INFO StartLogger - Adding indices
17 февр. 2022 18:50:13,275  INFO StartLogger - Filling static objects ids
17 февр. 2022 18:50:13,382  INFO StartLogger - Updating stats
17 февр. 2022 18:50:13,397  INFO StartLogger - Writing static objects changes
17 февр. 2022 18:50:13,600  INFO StartLogger - Migrating reflection properties and actions
17 февр. 2022 18:50:13,632  INFO StartLogger - Recalculating aggregations
17 февр. 2022 18:50:13,794  INFO StartLogger - Initializing Security Manager.
17 февр. 2022 18:50:13,834  INFO StartLogger - Starting Security Manager.
17 февр. 2022 18:50:13,891  INFO StartLogger - Starting RMI Manager
17 февр. 2022 18:50:13,918  INFO StartLogger - Executing onStarted action
17 февр. 2022 18:50:14,069  INFO SystemLogger - Setting hostname: null
17 февр. 2022 18:50:14,357  INFO StartLogger - Starting Scheduler
17 февр. 2022 18:50:14,416  INFO SystemLogger - Change current time snapshots to 2022-02-17T18:50:14.415347400, 2022-02-17T13:50:14.415347400Z
17 февр. 2022 18:50:14,542  INFO StartLogger - Exporting RMI Logics object (port: 7652)
17 февр. 2022 18:50:14,547  INFO SystemLogger - Binding ExternalHttpServer
17 февр. 2022 18:50:14,565  INFO StartLogger - Prereading properties graph
17 февр. 2022 18:50:14,565  INFO StartLogger - Prereading caches for properties
17 февр. 2022 18:50:14,565  INFO StartLogger - Reading modules hash
17 февр. 2022 18:50:14,566  INFO StartLogger - Prereading caches for properties ended
17 февр. 2022 18:50:14,569  INFO StartLogger - Comparing modulesHash: old ca8b736a, new f0cd80f6
17 февр. 2022 18:50:14,570  INFO StartLogger - Synchronizing property entities
17 февр. 2022 18:50:14,570  INFO StartLogger - Synchronizing forms
17 февр. 2022 18:50:14,570  INFO StartLogger - Synchronizing group properties
17 февр. 2022 18:50:14,571  INFO StartLogger - Synchronizing tables
17 февр. 2022 18:50:14,571  INFO StartLogger - Synchronizing property parents
17 февр. 2022 18:50:14,571  INFO StartLogger - Synchronizing navigator elements
17 февр. 2022 18:50:14,571  INFO StartLogger - Synchronizing group objects
17 февр. 2022 18:50:14,572  INFO StartLogger - synchronizeTables collecting data started
17 февр. 2022 18:50:14,572  INFO StartLogger - Synchronizing property draws
17 февр. 2022 18:50:14,572  INFO StartLogger - Synchronizing parents
17 февр. 2022 18:50:14,572  INFO StartLogger - Prereading security policies
17 февр. 2022 18:50:14,573  INFO StartLogger - synchronizeTables integration service started
17 февр. 2022 18:50:17,210  INFO StartLogger - synchronizeTables finished
17 февр. 2022 18:50:17,211  INFO StartLogger - Recalculating Stats at first start
17 февр. 2022 18:50:17,211  INFO StartLogger - Writing modules hash
17 февр. 2022 18:50:17,211  INFO StartLogger - Writing modulesHash f0cd80f6
17 февр. 2022 18:50:17,231  INFO StartLogger - Writing modulesHash finished successfully
17 февр. 2022 18:50:17,235  INFO StartLogger - Obsolete caches were successfully cleaned
17 февр. 2022 18:50:17,235  INFO StartLogger - Logics instance has successfully started
17 февр. 2022 18:50:17,236  INFO StartLogger - Desktop Client is available at:
17 февр. 2022 18:50:17,236  INFO StartLogger - Java Web Start (with auto update, requires JDK): https://download.lsfusion.org/java/lsfusion-client-5.0-SNAPSHOT.jnlp
17 февр. 2022 18:50:17,236  INFO StartLogger - Installer for Windows (without auto update): https://download.lsfusion.org/exe/lsfusion-desktop-5.0-SNAPSHOT-x64.exe
17 февр. 2022 18:50:17,236  INFO StartLogger - Server has successfully started in 8957 ms.
17 февр. 2022 19:20:14,414  INFO SystemLogger - Change current time snapshots to 2022-02-17T19:20:14.414629900, 2022-02-17T14:20:14.414629900Z
17 февр. 2022 19:50:14,441  INFO SystemLogger - Change current time snapshots to 2022-02-17T19:50:14.441566, 2022-02-17T14:50:14.441566Z
